<?xml version="1.0" encoding="UTF-8"?>
<testsuites name="jest tests" tests="558" failures="34" errors="0" time="4.931">
  <testsuite name="DispatchSelectionModal" errors="0" failures="0" skipped="0" timestamp="2025-07-16T04:47:01" time="2.098" tests="7">
    <testcase classname="DispatchSelectionModal should render when visible" name="DispatchSelectionModal should render when visible" time="0.279">
    </testcase>
    <testcase classname="DispatchSelectionModal should not render when not visible" name="DispatchSelectionModal should not render when not visible" time="0.002">
    </testcase>
    <testcase classname="DispatchSelectionModal should call toggleEveryone when everyone option is pressed" name="DispatchSelectionModal should call toggleEveryone when everyone option is pressed" time="0.01">
    </testcase>
    <testcase classname="DispatchSelectionModal should call toggleUser when user is pressed" name="DispatchSelectionModal should call toggleUser when user is pressed" time="0.009">
    </testcase>
    <testcase classname="DispatchSelectionModal should call setSearchQuery when search input changes" name="DispatchSelectionModal should call setSearchQuery when search input changes" time="0.011">
    </testcase>
    <testcase classname="DispatchSelectionModal should call clearSelection and onClose when cancel button is pressed" name="DispatchSelectionModal should call clearSelection and onClose when cancel button is pressed" time="0.037">
    </testcase>
    <testcase classname="DispatchSelectionModal should show selection count" name="DispatchSelectionModal should show selection count" time="0.012">
    </testcase>
  </testsuite>
  <testsuite name="SidebarCallCard" errors="0" failures="0" skipped="0" timestamp="2025-07-16T04:47:01" time="2.32" tests="17">
    <testcase classname="SidebarCallCard Basic Rendering should render with no active call" name="SidebarCallCard Basic Rendering should render with no active call" time="0.127">
    </testcase>
    <testcase classname="SidebarCallCard Basic Rendering should render with active call" name="SidebarCallCard Basic Rendering should render with active call" time="0.01">
    </testcase>
    <testcase classname="SidebarCallCard Basic Rendering should show action buttons when active call exists with coordinates" name="SidebarCallCard Basic Rendering should show action buttons when active call exists with coordinates" time="0.007">
    </testcase>
    <testcase classname="SidebarCallCard Basic Rendering should show map button when active call has address only" name="SidebarCallCard Basic Rendering should show map button when active call has address only" time="0.003">
    </testcase>
    <testcase classname="SidebarCallCard Basic Rendering should not show map button when active call has no location data" name="SidebarCallCard Basic Rendering should not show map button when active call has no location data" time="0.005">
    </testcase>
    <testcase classname="SidebarCallCard Basic Rendering should not show map button when active call has empty address" name="SidebarCallCard Basic Rendering should not show map button when active call has empty address" time="0.007">
    </testcase>
    <testcase classname="SidebarCallCard Bottom Sheet Behavior should open bottom sheet when trigger is pressed" name="SidebarCallCard Bottom Sheet Behavior should open bottom sheet when trigger is pressed" time="0.01">
    </testcase>
    <testcase classname="SidebarCallCard Bottom Sheet Behavior should show loading state in bottom sheet" name="SidebarCallCard Bottom Sheet Behavior should show loading state in bottom sheet" time="0.005">
    </testcase>
    <testcase classname="SidebarCallCard Bottom Sheet Behavior should display calls list in bottom sheet" name="SidebarCallCard Bottom Sheet Behavior should display calls list in bottom sheet" time="0.003">
    </testcase>
    <testcase classname="SidebarCallCard Bottom Sheet Behavior should show no calls message when list is empty" name="SidebarCallCard Bottom Sheet Behavior should show no calls message when list is empty" time="0.003">
    </testcase>
    <testcase classname="SidebarCallCard Action Buttons should navigate to call detail when eye button is pressed" name="SidebarCallCard Action Buttons should navigate to call detail when eye button is pressed" time="0.006">
    </testcase>
    <testcase classname="SidebarCallCard Action Buttons should show deselect confirmation when deselect button is pressed" name="SidebarCallCard Action Buttons should show deselect confirmation when deselect button is pressed" time="0.005">
    </testcase>
    <testcase classname="SidebarCallCard Action Buttons should open maps with coordinates when map pin button is pressed with valid coordinates" name="SidebarCallCard Action Buttons should open maps with coordinates when map pin button is pressed with valid coordinates" time="0.002">
    </testcase>
    <testcase classname="SidebarCallCard Action Buttons should open maps with address when map pin button is pressed with address only" name="SidebarCallCard Action Buttons should open maps with address when map pin button is pressed with address only" time="0.005">
    </testcase>
    <testcase classname="SidebarCallCard Action Buttons should show error alert when openMapsWithDirections fails" name="SidebarCallCard Action Buttons should show error alert when openMapsWithDirections fails" time="0.004">
    </testcase>
    <testcase classname="SidebarCallCard Action Buttons should show error alert when openMapsWithAddress fails" name="SidebarCallCard Action Buttons should show error alert when openMapsWithAddress fails" time="0.005">
    </testcase>
    <testcase classname="SidebarCallCard Accessibility should have proper testIDs for automation" name="SidebarCallCard Accessibility should have proper testIDs for automation" time="0.001">
    </testcase>
  </testsuite>
  <testsuite name="ProtocolDetailsSheet" errors="0" failures="0" skipped="0" timestamp="2025-07-16T04:47:01" time="2.339" tests="20">
    <testcase classname="ProtocolDetailsSheet Sheet Visibility should render when isDetailsOpen is true and selectedProtocol exists" name="ProtocolDetailsSheet Sheet Visibility should render when isDetailsOpen is true and selectedProtocol exists" time="0.415">
    </testcase>
    <testcase classname="ProtocolDetailsSheet Protocol Information Display should display protocol name in header" name="ProtocolDetailsSheet Protocol Information Display should display protocol name in header" time="0.008">
    </testcase>
    <testcase classname="ProtocolDetailsSheet Protocol Information Display should display protocol code when available" name="ProtocolDetailsSheet Protocol Information Display should display protocol code when available" time="0.01">
    </testcase>
    <testcase classname="ProtocolDetailsSheet Protocol Information Display should display protocol description when available" name="ProtocolDetailsSheet Protocol Information Display should display protocol description when available" time="0.007">
    </testcase>
    <testcase classname="ProtocolDetailsSheet Protocol Information Display should display formatted date" name="ProtocolDetailsSheet Protocol Information Display should display formatted date" time="0.007">
    </testcase>
    <testcase classname="ProtocolDetailsSheet Protocol Information Display should display protocol content in WebView" name="ProtocolDetailsSheet Protocol Information Display should display protocol content in WebView" time="0.012">
    </testcase>
    <testcase classname="ProtocolDetailsSheet Protocol without Optional Fields should not display code section when code is empty" name="ProtocolDetailsSheet Protocol without Optional Fields should not display code section when code is empty" time="0.006">
    </testcase>
    <testcase classname="ProtocolDetailsSheet Protocol without Optional Fields should not display description section when description is empty" name="ProtocolDetailsSheet Protocol without Optional Fields should not display description section when description is empty" time="0.008">
    </testcase>
    <testcase classname="ProtocolDetailsSheet Protocol without Optional Fields should still display WebView with protocol content" name="ProtocolDetailsSheet Protocol without Optional Fields should still display WebView with protocol content" time="0.002">
    </testcase>
    <testcase classname="ProtocolDetailsSheet Close Functionality should have close button in header" name="ProtocolDetailsSheet Close Functionality should have close button in header" time="0.006">
    </testcase>
    <testcase classname="ProtocolDetailsSheet Close Functionality should call closeDetails when close button is pressed" name="ProtocolDetailsSheet Close Functionality should call closeDetails when close button is pressed" time="0.006">
    </testcase>
    <testcase classname="ProtocolDetailsSheet WebView Content should render WebView with proper HTML structure" name="ProtocolDetailsSheet WebView Content should render WebView with proper HTML structure" time="0.01">
    </testcase>
    <testcase classname="ProtocolDetailsSheet WebView Content should include proper CSS styles for light theme" name="ProtocolDetailsSheet WebView Content should include proper CSS styles for light theme" time="0.005">
    </testcase>
    <testcase classname="ProtocolDetailsSheet WebView Content should include responsive CSS" name="ProtocolDetailsSheet WebView Content should include responsive CSS" time="0.006">
    </testcase>
    <testcase classname="ProtocolDetailsSheet Dark Theme Support should handle dark theme rendering" name="ProtocolDetailsSheet Dark Theme Support should handle dark theme rendering" time="0.006">
    </testcase>
    <testcase classname="ProtocolDetailsSheet Date Display Logic should prefer UpdatedOn over CreatedOn when both are available" name="ProtocolDetailsSheet Date Display Logic should prefer UpdatedOn over CreatedOn when both are available" time="0.004">
    </testcase>
    <testcase classname="ProtocolDetailsSheet Date Display Logic should fall back to CreatedOn when UpdatedOn is empty" name="ProtocolDetailsSheet Date Display Logic should fall back to CreatedOn when UpdatedOn is empty" time="0.007">
    </testcase>
    <testcase classname="ProtocolDetailsSheet HTML Content Handling should strip HTML tags from description but keep them in WebView" name="ProtocolDetailsSheet HTML Content Handling should strip HTML tags from description but keep them in WebView" time="0.004">
    </testcase>
    <testcase classname="ProtocolDetailsSheet Accessibility should be accessible for screen readers" name="ProtocolDetailsSheet Accessibility should be accessible for screen readers" time="0.007">
    </testcase>
    <testcase classname="ProtocolDetailsSheet Accessibility should support keyboard navigation" name="ProtocolDetailsSheet Accessibility should support keyboard navigation" time="0.008">
    </testcase>
  </testsuite>
  <testsuite name="Protocols Page" errors="0" failures="16" skipped="0" timestamp="2025-07-16T04:47:01" time="2.427" tests="16">
    <testcase classname="Protocols Page should render loading state during initial fetch" name="Protocols Page should render loading state during initial fetch" time="0.335">
      <failure>Error: Couldn&apos;t find a navigation object. Is your component inside NavigationContainer?
    at useNavigation (/Users/shawn/dev/Resgrid/Unit/node_modules/@react-navigation/core/src/useNavigation.tsx:22:11)
    at useIsFocused (/Users/shawn/dev/Resgrid/Unit/node_modules/@react-navigation/core/src/useIsFocused.tsx:10:35)
    at FocusAwareStatusBar (/Users/shawn/dev/Resgrid/Unit/src/components/ui/focus-aware-status-bar.tsx:9:33)
    at renderWithHooks (/Users/shawn/dev/Resgrid/Unit/node_modules/react-test-renderer/cjs/react-test-renderer.development.js:5608:18)
    at mountIndeterminateComponent (/Users/shawn/dev/Resgrid/Unit/node_modules/react-test-renderer/cjs/react-test-renderer.development.js:9884:13)
    at beginWork (/Users/shawn/dev/Resgrid/Unit/node_modules/react-test-renderer/cjs/react-test-renderer.development.js:11351:16)
    at performUnitOfWork (/Users/shawn/dev/Resgrid/Unit/node_modules/react-test-renderer/cjs/react-test-renderer.development.js:15847:12)
    at workLoopSync (/Users/shawn/dev/Resgrid/Unit/node_modules/react-test-renderer/cjs/react-test-renderer.development.js:15784:5)
    at renderRootSync (/Users/shawn/dev/Resgrid/Unit/node_modules/react-test-renderer/cjs/react-test-renderer.development.js:15756:7)
    at performSyncWorkOnRoot (/Users/shawn/dev/Resgrid/Unit/node_modules/react-test-renderer/cjs/react-test-renderer.development.js:15461:20)
    at flushSyncCallbacks (/Users/shawn/dev/Resgrid/Unit/node_modules/react-test-renderer/cjs/react-test-renderer.development.js:2597:22)
    at flushActQueue (/Users/shawn/dev/Resgrid/Unit/node_modules/react/cjs/react.development.js:2667:24)
    at act (/Users/shawn/dev/Resgrid/Unit/node_modules/react/cjs/react.development.js:2521:11)
    at actImplementation (/Users/shawn/dev/Resgrid/Unit/node_modules/@testing-library/react-native/src/act.ts:30:25)
    at renderWithAct (/Users/shawn/dev/Resgrid/Unit/node_modules/@testing-library/react-native/src/render-act.ts:12:11)
    at renderInternal (/Users/shawn/dev/Resgrid/Unit/node_modules/@testing-library/react-native/src/render.tsx:81:33)
    at renderInternal (/Users/shawn/dev/Resgrid/Unit/node_modules/@testing-library/react-native/src/render.tsx:44:10)
    at Object.&lt;anonymous&gt; (/Users/shawn/dev/Resgrid/Unit/src/app/(app)/__tests__/protocols.test.tsx:159:11)
    at Promise.then.completed (/Users/shawn/dev/Resgrid/Unit/node_modules/jest-circus/build/utils.js:298:28)
    at new Promise (&lt;anonymous&gt;)
    at callAsyncCircusFn (/Users/shawn/dev/Resgrid/Unit/node_modules/jest-circus/build/utils.js:231:10)
    at _callCircusTest (/Users/shawn/dev/Resgrid/Unit/node_modules/jest-circus/build/run.js:316:40)
    at processTicksAndRejections (node:internal/process/task_queues:105:5)
    at _runTest (/Users/shawn/dev/Resgrid/Unit/node_modules/jest-circus/build/run.js:252:3)
    at _runTestsForDescribeBlock (/Users/shawn/dev/Resgrid/Unit/node_modules/jest-circus/build/run.js:126:9)
    at _runTestsForDescribeBlock (/Users/shawn/dev/Resgrid/Unit/node_modules/jest-circus/build/run.js:121:9)
    at run (/Users/shawn/dev/Resgrid/Unit/node_modules/jest-circus/build/run.js:71:3)
    at runAndTransformResultsToJestFormat (/Users/shawn/dev/Resgrid/Unit/node_modules/jest-circus/build/legacy-code-todo-rewrite/jestAdapterInit.js:122:21)
    at jestAdapter (/Users/shawn/dev/Resgrid/Unit/node_modules/jest-circus/build/legacy-code-todo-rewrite/jestAdapter.js:79:19)
    at runTestInternal (/Users/shawn/dev/Resgrid/Unit/node_modules/jest-runner/build/runTest.js:367:16)
    at runTest (/Users/shawn/dev/Resgrid/Unit/node_modules/jest-runner/build/runTest.js:444:34)
    at Object.worker (/Users/shawn/dev/Resgrid/Unit/node_modules/jest-runner/build/testWorker.js:106:12)</failure>
    </testcase>
    <testcase classname="Protocols Page should render protocols list when data is loaded" name="Protocols Page should render protocols list when data is loaded" time="0.029">
      <failure>Error: Couldn&apos;t find a navigation object. Is your component inside NavigationContainer?
    at useNavigation (/Users/shawn/dev/Resgrid/Unit/node_modules/@react-navigation/core/src/useNavigation.tsx:22:11)
    at useIsFocused (/Users/shawn/dev/Resgrid/Unit/node_modules/@react-navigation/core/src/useIsFocused.tsx:10:35)
    at FocusAwareStatusBar (/Users/shawn/dev/Resgrid/Unit/src/components/ui/focus-aware-status-bar.tsx:9:33)
    at renderWithHooks (/Users/shawn/dev/Resgrid/Unit/node_modules/react-test-renderer/cjs/react-test-renderer.development.js:5608:18)
    at mountIndeterminateComponent (/Users/shawn/dev/Resgrid/Unit/node_modules/react-test-renderer/cjs/react-test-renderer.development.js:9884:13)
    at beginWork (/Users/shawn/dev/Resgrid/Unit/node_modules/react-test-renderer/cjs/react-test-renderer.development.js:11351:16)
    at performUnitOfWork (/Users/shawn/dev/Resgrid/Unit/node_modules/react-test-renderer/cjs/react-test-renderer.development.js:15847:12)
    at workLoopSync (/Users/shawn/dev/Resgrid/Unit/node_modules/react-test-renderer/cjs/react-test-renderer.development.js:15784:5)
    at renderRootSync (/Users/shawn/dev/Resgrid/Unit/node_modules/react-test-renderer/cjs/react-test-renderer.development.js:15756:7)
    at performSyncWorkOnRoot (/Users/shawn/dev/Resgrid/Unit/node_modules/react-test-renderer/cjs/react-test-renderer.development.js:15461:20)
    at flushSyncCallbacks (/Users/shawn/dev/Resgrid/Unit/node_modules/react-test-renderer/cjs/react-test-renderer.development.js:2597:22)
    at flushActQueue (/Users/shawn/dev/Resgrid/Unit/node_modules/react/cjs/react.development.js:2667:24)
    at act (/Users/shawn/dev/Resgrid/Unit/node_modules/react/cjs/react.development.js:2521:11)
    at actImplementation (/Users/shawn/dev/Resgrid/Unit/node_modules/@testing-library/react-native/src/act.ts:30:25)
    at renderWithAct (/Users/shawn/dev/Resgrid/Unit/node_modules/@testing-library/react-native/src/render-act.ts:12:11)
    at renderInternal (/Users/shawn/dev/Resgrid/Unit/node_modules/@testing-library/react-native/src/render.tsx:81:33)
    at renderInternal (/Users/shawn/dev/Resgrid/Unit/node_modules/@testing-library/react-native/src/render.tsx:44:10)
    at Object.&lt;anonymous&gt; (/Users/shawn/dev/Resgrid/Unit/src/app/(app)/__tests__/protocols.test.tsx:170:11)
    at Generator.next (&lt;anonymous&gt;)
    at asyncGeneratorStep (/Users/shawn/dev/Resgrid/Unit/node_modules/@babel/runtime/helpers/asyncToGenerator.js:3:17)
    at _next (/Users/shawn/dev/Resgrid/Unit/node_modules/@babel/runtime/helpers/asyncToGenerator.js:17:9)
    at /Users/shawn/dev/Resgrid/Unit/node_modules/@babel/runtime/helpers/asyncToGenerator.js:22:7
    at new Promise (&lt;anonymous&gt;)
    at Object.&lt;anonymous&gt; (/Users/shawn/dev/Resgrid/Unit/node_modules/@babel/runtime/helpers/asyncToGenerator.js:14:12)
    at Promise.then.completed (/Users/shawn/dev/Resgrid/Unit/node_modules/jest-circus/build/utils.js:298:28)
    at new Promise (&lt;anonymous&gt;)
    at callAsyncCircusFn (/Users/shawn/dev/Resgrid/Unit/node_modules/jest-circus/build/utils.js:231:10)
    at _callCircusTest (/Users/shawn/dev/Resgrid/Unit/node_modules/jest-circus/build/run.js:316:40)
    at _runTest (/Users/shawn/dev/Resgrid/Unit/node_modules/jest-circus/build/run.js:252:3)
    at _runTestsForDescribeBlock (/Users/shawn/dev/Resgrid/Unit/node_modules/jest-circus/build/run.js:126:9)
    at _runTestsForDescribeBlock (/Users/shawn/dev/Resgrid/Unit/node_modules/jest-circus/build/run.js:121:9)
    at run (/Users/shawn/dev/Resgrid/Unit/node_modules/jest-circus/build/run.js:71:3)
    at runAndTransformResultsToJestFormat (/Users/shawn/dev/Resgrid/Unit/node_modules/jest-circus/build/legacy-code-todo-rewrite/jestAdapterInit.js:122:21)
    at jestAdapter (/Users/shawn/dev/Resgrid/Unit/node_modules/jest-circus/build/legacy-code-todo-rewrite/jestAdapter.js:79:19)
    at runTestInternal (/Users/shawn/dev/Resgrid/Unit/node_modules/jest-runner/build/runTest.js:367:16)
    at runTest (/Users/shawn/dev/Resgrid/Unit/node_modules/jest-runner/build/runTest.js:444:34)
    at Object.worker (/Users/shawn/dev/Resgrid/Unit/node_modules/jest-runner/build/testWorker.js:106:12)</failure>
    </testcase>
    <testcase classname="Protocols Page should handle protocols with empty IDs using keyExtractor fallback" name="Protocols Page should handle protocols with empty IDs using keyExtractor fallback" time="0.002">
      <failure>Error: Couldn&apos;t find a navigation object. Is your component inside NavigationContainer?
    at useNavigation (/Users/shawn/dev/Resgrid/Unit/node_modules/@react-navigation/core/src/useNavigation.tsx:22:11)
    at useIsFocused (/Users/shawn/dev/Resgrid/Unit/node_modules/@react-navigation/core/src/useIsFocused.tsx:10:35)
    at FocusAwareStatusBar (/Users/shawn/dev/Resgrid/Unit/src/components/ui/focus-aware-status-bar.tsx:9:33)
    at renderWithHooks (/Users/shawn/dev/Resgrid/Unit/node_modules/react-test-renderer/cjs/react-test-renderer.development.js:5608:18)
    at mountIndeterminateComponent (/Users/shawn/dev/Resgrid/Unit/node_modules/react-test-renderer/cjs/react-test-renderer.development.js:9884:13)
    at beginWork (/Users/shawn/dev/Resgrid/Unit/node_modules/react-test-renderer/cjs/react-test-renderer.development.js:11351:16)
    at performUnitOfWork (/Users/shawn/dev/Resgrid/Unit/node_modules/react-test-renderer/cjs/react-test-renderer.development.js:15847:12)
    at workLoopSync (/Users/shawn/dev/Resgrid/Unit/node_modules/react-test-renderer/cjs/react-test-renderer.development.js:15784:5)
    at renderRootSync (/Users/shawn/dev/Resgrid/Unit/node_modules/react-test-renderer/cjs/react-test-renderer.development.js:15756:7)
    at performSyncWorkOnRoot (/Users/shawn/dev/Resgrid/Unit/node_modules/react-test-renderer/cjs/react-test-renderer.development.js:15461:20)
    at flushSyncCallbacks (/Users/shawn/dev/Resgrid/Unit/node_modules/react-test-renderer/cjs/react-test-renderer.development.js:2597:22)
    at flushActQueue (/Users/shawn/dev/Resgrid/Unit/node_modules/react/cjs/react.development.js:2667:24)
    at act (/Users/shawn/dev/Resgrid/Unit/node_modules/react/cjs/react.development.js:2521:11)
    at actImplementation (/Users/shawn/dev/Resgrid/Unit/node_modules/@testing-library/react-native/src/act.ts:30:25)
    at renderWithAct (/Users/shawn/dev/Resgrid/Unit/node_modules/@testing-library/react-native/src/render-act.ts:12:11)
    at renderInternal (/Users/shawn/dev/Resgrid/Unit/node_modules/@testing-library/react-native/src/render.tsx:81:33)
    at renderInternal (/Users/shawn/dev/Resgrid/Unit/node_modules/@testing-library/react-native/src/render.tsx:44:10)
    at Object.&lt;anonymous&gt; (/Users/shawn/dev/Resgrid/Unit/src/app/(app)/__tests__/protocols.test.tsx:187:11)
    at Generator.next (&lt;anonymous&gt;)
    at asyncGeneratorStep (/Users/shawn/dev/Resgrid/Unit/node_modules/@babel/runtime/helpers/asyncToGenerator.js:3:17)
    at _next (/Users/shawn/dev/Resgrid/Unit/node_modules/@babel/runtime/helpers/asyncToGenerator.js:17:9)
    at /Users/shawn/dev/Resgrid/Unit/node_modules/@babel/runtime/helpers/asyncToGenerator.js:22:7
    at new Promise (&lt;anonymous&gt;)
    at Object.&lt;anonymous&gt; (/Users/shawn/dev/Resgrid/Unit/node_modules/@babel/runtime/helpers/asyncToGenerator.js:14:12)
    at Promise.then.completed (/Users/shawn/dev/Resgrid/Unit/node_modules/jest-circus/build/utils.js:298:28)
    at new Promise (&lt;anonymous&gt;)
    at callAsyncCircusFn (/Users/shawn/dev/Resgrid/Unit/node_modules/jest-circus/build/utils.js:231:10)
    at _callCircusTest (/Users/shawn/dev/Resgrid/Unit/node_modules/jest-circus/build/run.js:316:40)
    at _runTest (/Users/shawn/dev/Resgrid/Unit/node_modules/jest-circus/build/run.js:252:3)
    at _runTestsForDescribeBlock (/Users/shawn/dev/Resgrid/Unit/node_modules/jest-circus/build/run.js:126:9)
    at _runTestsForDescribeBlock (/Users/shawn/dev/Resgrid/Unit/node_modules/jest-circus/build/run.js:121:9)
    at run (/Users/shawn/dev/Resgrid/Unit/node_modules/jest-circus/build/run.js:71:3)
    at runAndTransformResultsToJestFormat (/Users/shawn/dev/Resgrid/Unit/node_modules/jest-circus/build/legacy-code-todo-rewrite/jestAdapterInit.js:122:21)
    at jestAdapter (/Users/shawn/dev/Resgrid/Unit/node_modules/jest-circus/build/legacy-code-todo-rewrite/jestAdapter.js:79:19)
    at runTestInternal (/Users/shawn/dev/Resgrid/Unit/node_modules/jest-runner/build/runTest.js:367:16)
    at runTest (/Users/shawn/dev/Resgrid/Unit/node_modules/jest-runner/build/runTest.js:444:34)
    at Object.worker (/Users/shawn/dev/Resgrid/Unit/node_modules/jest-runner/build/testWorker.js:106:12)</failure>
    </testcase>
    <testcase classname="Protocols Page should render zero state when no protocols are available" name="Protocols Page should render zero state when no protocols are available" time="0.002">
      <failure>Error: Couldn&apos;t find a navigation object. Is your component inside NavigationContainer?
    at useNavigation (/Users/shawn/dev/Resgrid/Unit/node_modules/@react-navigation/core/src/useNavigation.tsx:22:11)
    at useIsFocused (/Users/shawn/dev/Resgrid/Unit/node_modules/@react-navigation/core/src/useIsFocused.tsx:10:35)
    at FocusAwareStatusBar (/Users/shawn/dev/Resgrid/Unit/src/components/ui/focus-aware-status-bar.tsx:9:33)
    at renderWithHooks (/Users/shawn/dev/Resgrid/Unit/node_modules/react-test-renderer/cjs/react-test-renderer.development.js:5608:18)
    at mountIndeterminateComponent (/Users/shawn/dev/Resgrid/Unit/node_modules/react-test-renderer/cjs/react-test-renderer.development.js:9884:13)
    at beginWork (/Users/shawn/dev/Resgrid/Unit/node_modules/react-test-renderer/cjs/react-test-renderer.development.js:11351:16)
    at performUnitOfWork (/Users/shawn/dev/Resgrid/Unit/node_modules/react-test-renderer/cjs/react-test-renderer.development.js:15847:12)
    at workLoopSync (/Users/shawn/dev/Resgrid/Unit/node_modules/react-test-renderer/cjs/react-test-renderer.development.js:15784:5)
    at renderRootSync (/Users/shawn/dev/Resgrid/Unit/node_modules/react-test-renderer/cjs/react-test-renderer.development.js:15756:7)
    at performSyncWorkOnRoot (/Users/shawn/dev/Resgrid/Unit/node_modules/react-test-renderer/cjs/react-test-renderer.development.js:15461:20)
    at flushSyncCallbacks (/Users/shawn/dev/Resgrid/Unit/node_modules/react-test-renderer/cjs/react-test-renderer.development.js:2597:22)
    at flushActQueue (/Users/shawn/dev/Resgrid/Unit/node_modules/react/cjs/react.development.js:2667:24)
    at act (/Users/shawn/dev/Resgrid/Unit/node_modules/react/cjs/react.development.js:2521:11)
    at actImplementation (/Users/shawn/dev/Resgrid/Unit/node_modules/@testing-library/react-native/src/act.ts:30:25)
    at renderWithAct (/Users/shawn/dev/Resgrid/Unit/node_modules/@testing-library/react-native/src/render-act.ts:12:11)
    at renderInternal (/Users/shawn/dev/Resgrid/Unit/node_modules/@testing-library/react-native/src/render.tsx:81:33)
    at renderInternal (/Users/shawn/dev/Resgrid/Unit/node_modules/@testing-library/react-native/src/render.tsx:44:10)
    at Object.&lt;anonymous&gt; (/Users/shawn/dev/Resgrid/Unit/src/app/(app)/__tests__/protocols.test.tsx:201:11)
    at Promise.then.completed (/Users/shawn/dev/Resgrid/Unit/node_modules/jest-circus/build/utils.js:298:28)
    at new Promise (&lt;anonymous&gt;)
    at callAsyncCircusFn (/Users/shawn/dev/Resgrid/Unit/node_modules/jest-circus/build/utils.js:231:10)
    at _callCircusTest (/Users/shawn/dev/Resgrid/Unit/node_modules/jest-circus/build/run.js:316:40)
    at _runTest (/Users/shawn/dev/Resgrid/Unit/node_modules/jest-circus/build/run.js:252:3)
    at _runTestsForDescribeBlock (/Users/shawn/dev/Resgrid/Unit/node_modules/jest-circus/build/run.js:126:9)
    at _runTestsForDescribeBlock (/Users/shawn/dev/Resgrid/Unit/node_modules/jest-circus/build/run.js:121:9)
    at run (/Users/shawn/dev/Resgrid/Unit/node_modules/jest-circus/build/run.js:71:3)
    at runAndTransformResultsToJestFormat (/Users/shawn/dev/Resgrid/Unit/node_modules/jest-circus/build/legacy-code-todo-rewrite/jestAdapterInit.js:122:21)
    at jestAdapter (/Users/shawn/dev/Resgrid/Unit/node_modules/jest-circus/build/legacy-code-todo-rewrite/jestAdapter.js:79:19)
    at runTestInternal (/Users/shawn/dev/Resgrid/Unit/node_modules/jest-runner/build/runTest.js:367:16)
    at runTest (/Users/shawn/dev/Resgrid/Unit/node_modules/jest-runner/build/runTest.js:444:34)
    at Object.worker (/Users/shawn/dev/Resgrid/Unit/node_modules/jest-runner/build/testWorker.js:106:12)</failure>
    </testcase>
    <testcase classname="Protocols Page should filter protocols based on search query by name" name="Protocols Page should filter protocols based on search query by name" time="0.004">
      <failure>Error: Couldn&apos;t find a navigation object. Is your component inside NavigationContainer?
    at useNavigation (/Users/shawn/dev/Resgrid/Unit/node_modules/@react-navigation/core/src/useNavigation.tsx:22:11)
    at useIsFocused (/Users/shawn/dev/Resgrid/Unit/node_modules/@react-navigation/core/src/useIsFocused.tsx:10:35)
    at FocusAwareStatusBar (/Users/shawn/dev/Resgrid/Unit/src/components/ui/focus-aware-status-bar.tsx:9:33)
    at renderWithHooks (/Users/shawn/dev/Resgrid/Unit/node_modules/react-test-renderer/cjs/react-test-renderer.development.js:5608:18)
    at mountIndeterminateComponent (/Users/shawn/dev/Resgrid/Unit/node_modules/react-test-renderer/cjs/react-test-renderer.development.js:9884:13)
    at beginWork (/Users/shawn/dev/Resgrid/Unit/node_modules/react-test-renderer/cjs/react-test-renderer.development.js:11351:16)
    at performUnitOfWork (/Users/shawn/dev/Resgrid/Unit/node_modules/react-test-renderer/cjs/react-test-renderer.development.js:15847:12)
    at workLoopSync (/Users/shawn/dev/Resgrid/Unit/node_modules/react-test-renderer/cjs/react-test-renderer.development.js:15784:5)
    at renderRootSync (/Users/shawn/dev/Resgrid/Unit/node_modules/react-test-renderer/cjs/react-test-renderer.development.js:15756:7)
    at performSyncWorkOnRoot (/Users/shawn/dev/Resgrid/Unit/node_modules/react-test-renderer/cjs/react-test-renderer.development.js:15461:20)
    at flushSyncCallbacks (/Users/shawn/dev/Resgrid/Unit/node_modules/react-test-renderer/cjs/react-test-renderer.development.js:2597:22)
    at flushActQueue (/Users/shawn/dev/Resgrid/Unit/node_modules/react/cjs/react.development.js:2667:24)
    at act (/Users/shawn/dev/Resgrid/Unit/node_modules/react/cjs/react.development.js:2521:11)
    at actImplementation (/Users/shawn/dev/Resgrid/Unit/node_modules/@testing-library/react-native/src/act.ts:30:25)
    at renderWithAct (/Users/shawn/dev/Resgrid/Unit/node_modules/@testing-library/react-native/src/render-act.ts:12:11)
    at renderInternal (/Users/shawn/dev/Resgrid/Unit/node_modules/@testing-library/react-native/src/render.tsx:81:33)
    at renderInternal (/Users/shawn/dev/Resgrid/Unit/node_modules/@testing-library/react-native/src/render.tsx:44:10)
    at Object.&lt;anonymous&gt; (/Users/shawn/dev/Resgrid/Unit/src/app/(app)/__tests__/protocols.test.tsx:213:11)
    at Generator.next (&lt;anonymous&gt;)
    at asyncGeneratorStep (/Users/shawn/dev/Resgrid/Unit/node_modules/@babel/runtime/helpers/asyncToGenerator.js:3:17)
    at _next (/Users/shawn/dev/Resgrid/Unit/node_modules/@babel/runtime/helpers/asyncToGenerator.js:17:9)
    at /Users/shawn/dev/Resgrid/Unit/node_modules/@babel/runtime/helpers/asyncToGenerator.js:22:7
    at new Promise (&lt;anonymous&gt;)
    at Object.&lt;anonymous&gt; (/Users/shawn/dev/Resgrid/Unit/node_modules/@babel/runtime/helpers/asyncToGenerator.js:14:12)
    at Promise.then.completed (/Users/shawn/dev/Resgrid/Unit/node_modules/jest-circus/build/utils.js:298:28)
    at new Promise (&lt;anonymous&gt;)
    at callAsyncCircusFn (/Users/shawn/dev/Resgrid/Unit/node_modules/jest-circus/build/utils.js:231:10)
    at _callCircusTest (/Users/shawn/dev/Resgrid/Unit/node_modules/jest-circus/build/run.js:316:40)
    at _runTest (/Users/shawn/dev/Resgrid/Unit/node_modules/jest-circus/build/run.js:252:3)
    at _runTestsForDescribeBlock (/Users/shawn/dev/Resgrid/Unit/node_modules/jest-circus/build/run.js:126:9)
    at _runTestsForDescribeBlock (/Users/shawn/dev/Resgrid/Unit/node_modules/jest-circus/build/run.js:121:9)
    at run (/Users/shawn/dev/Resgrid/Unit/node_modules/jest-circus/build/run.js:71:3)
    at runAndTransformResultsToJestFormat (/Users/shawn/dev/Resgrid/Unit/node_modules/jest-circus/build/legacy-code-todo-rewrite/jestAdapterInit.js:122:21)
    at jestAdapter (/Users/shawn/dev/Resgrid/Unit/node_modules/jest-circus/build/legacy-code-todo-rewrite/jestAdapter.js:79:19)
    at runTestInternal (/Users/shawn/dev/Resgrid/Unit/node_modules/jest-runner/build/runTest.js:367:16)
    at runTest (/Users/shawn/dev/Resgrid/Unit/node_modules/jest-runner/build/runTest.js:444:34)
    at Object.worker (/Users/shawn/dev/Resgrid/Unit/node_modules/jest-runner/build/testWorker.js:106:12)</failure>
    </testcase>
    <testcase classname="Protocols Page should filter protocols based on search query by code" name="Protocols Page should filter protocols based on search query by code" time="0.007">
      <failure>Error: Couldn&apos;t find a navigation object. Is your component inside NavigationContainer?
    at useNavigation (/Users/shawn/dev/Resgrid/Unit/node_modules/@react-navigation/core/src/useNavigation.tsx:22:11)
    at useIsFocused (/Users/shawn/dev/Resgrid/Unit/node_modules/@react-navigation/core/src/useIsFocused.tsx:10:35)
    at FocusAwareStatusBar (/Users/shawn/dev/Resgrid/Unit/src/components/ui/focus-aware-status-bar.tsx:9:33)
    at renderWithHooks (/Users/shawn/dev/Resgrid/Unit/node_modules/react-test-renderer/cjs/react-test-renderer.development.js:5608:18)
    at mountIndeterminateComponent (/Users/shawn/dev/Resgrid/Unit/node_modules/react-test-renderer/cjs/react-test-renderer.development.js:9884:13)
    at beginWork (/Users/shawn/dev/Resgrid/Unit/node_modules/react-test-renderer/cjs/react-test-renderer.development.js:11351:16)
    at performUnitOfWork (/Users/shawn/dev/Resgrid/Unit/node_modules/react-test-renderer/cjs/react-test-renderer.development.js:15847:12)
    at workLoopSync (/Users/shawn/dev/Resgrid/Unit/node_modules/react-test-renderer/cjs/react-test-renderer.development.js:15784:5)
    at renderRootSync (/Users/shawn/dev/Resgrid/Unit/node_modules/react-test-renderer/cjs/react-test-renderer.development.js:15756:7)
    at performSyncWorkOnRoot (/Users/shawn/dev/Resgrid/Unit/node_modules/react-test-renderer/cjs/react-test-renderer.development.js:15461:20)
    at flushSyncCallbacks (/Users/shawn/dev/Resgrid/Unit/node_modules/react-test-renderer/cjs/react-test-renderer.development.js:2597:22)
    at flushActQueue (/Users/shawn/dev/Resgrid/Unit/node_modules/react/cjs/react.development.js:2667:24)
    at act (/Users/shawn/dev/Resgrid/Unit/node_modules/react/cjs/react.development.js:2521:11)
    at actImplementation (/Users/shawn/dev/Resgrid/Unit/node_modules/@testing-library/react-native/src/act.ts:30:25)
    at renderWithAct (/Users/shawn/dev/Resgrid/Unit/node_modules/@testing-library/react-native/src/render-act.ts:12:11)
    at renderInternal (/Users/shawn/dev/Resgrid/Unit/node_modules/@testing-library/react-native/src/render.tsx:81:33)
    at renderInternal (/Users/shawn/dev/Resgrid/Unit/node_modules/@testing-library/react-native/src/render.tsx:44:10)
    at Object.&lt;anonymous&gt; (/Users/shawn/dev/Resgrid/Unit/src/app/(app)/__tests__/protocols.test.tsx:230:11)
    at Generator.next (&lt;anonymous&gt;)
    at asyncGeneratorStep (/Users/shawn/dev/Resgrid/Unit/node_modules/@babel/runtime/helpers/asyncToGenerator.js:3:17)
    at _next (/Users/shawn/dev/Resgrid/Unit/node_modules/@babel/runtime/helpers/asyncToGenerator.js:17:9)
    at /Users/shawn/dev/Resgrid/Unit/node_modules/@babel/runtime/helpers/asyncToGenerator.js:22:7
    at new Promise (&lt;anonymous&gt;)
    at Object.&lt;anonymous&gt; (/Users/shawn/dev/Resgrid/Unit/node_modules/@babel/runtime/helpers/asyncToGenerator.js:14:12)
    at Promise.then.completed (/Users/shawn/dev/Resgrid/Unit/node_modules/jest-circus/build/utils.js:298:28)
    at new Promise (&lt;anonymous&gt;)
    at callAsyncCircusFn (/Users/shawn/dev/Resgrid/Unit/node_modules/jest-circus/build/utils.js:231:10)
    at _callCircusTest (/Users/shawn/dev/Resgrid/Unit/node_modules/jest-circus/build/run.js:316:40)
    at _runTest (/Users/shawn/dev/Resgrid/Unit/node_modules/jest-circus/build/run.js:252:3)
    at _runTestsForDescribeBlock (/Users/shawn/dev/Resgrid/Unit/node_modules/jest-circus/build/run.js:126:9)
    at _runTestsForDescribeBlock (/Users/shawn/dev/Resgrid/Unit/node_modules/jest-circus/build/run.js:121:9)
    at run (/Users/shawn/dev/Resgrid/Unit/node_modules/jest-circus/build/run.js:71:3)
    at runAndTransformResultsToJestFormat (/Users/shawn/dev/Resgrid/Unit/node_modules/jest-circus/build/legacy-code-todo-rewrite/jestAdapterInit.js:122:21)
    at jestAdapter (/Users/shawn/dev/Resgrid/Unit/node_modules/jest-circus/build/legacy-code-todo-rewrite/jestAdapter.js:79:19)
    at runTestInternal (/Users/shawn/dev/Resgrid/Unit/node_modules/jest-runner/build/runTest.js:367:16)
    at runTest (/Users/shawn/dev/Resgrid/Unit/node_modules/jest-runner/build/runTest.js:444:34)
    at Object.worker (/Users/shawn/dev/Resgrid/Unit/node_modules/jest-runner/build/testWorker.js:106:12)</failure>
    </testcase>
    <testcase classname="Protocols Page should filter protocols based on search query by description" name="Protocols Page should filter protocols based on search query by description" time="0.006">
      <failure>Error: Couldn&apos;t find a navigation object. Is your component inside NavigationContainer?
    at useNavigation (/Users/shawn/dev/Resgrid/Unit/node_modules/@react-navigation/core/src/useNavigation.tsx:22:11)
    at useIsFocused (/Users/shawn/dev/Resgrid/Unit/node_modules/@react-navigation/core/src/useIsFocused.tsx:10:35)
    at FocusAwareStatusBar (/Users/shawn/dev/Resgrid/Unit/src/components/ui/focus-aware-status-bar.tsx:9:33)
    at renderWithHooks (/Users/shawn/dev/Resgrid/Unit/node_modules/react-test-renderer/cjs/react-test-renderer.development.js:5608:18)
    at mountIndeterminateComponent (/Users/shawn/dev/Resgrid/Unit/node_modules/react-test-renderer/cjs/react-test-renderer.development.js:9884:13)
    at beginWork (/Users/shawn/dev/Resgrid/Unit/node_modules/react-test-renderer/cjs/react-test-renderer.development.js:11351:16)
    at performUnitOfWork (/Users/shawn/dev/Resgrid/Unit/node_modules/react-test-renderer/cjs/react-test-renderer.development.js:15847:12)
    at workLoopSync (/Users/shawn/dev/Resgrid/Unit/node_modules/react-test-renderer/cjs/react-test-renderer.development.js:15784:5)
    at renderRootSync (/Users/shawn/dev/Resgrid/Unit/node_modules/react-test-renderer/cjs/react-test-renderer.development.js:15756:7)
    at performSyncWorkOnRoot (/Users/shawn/dev/Resgrid/Unit/node_modules/react-test-renderer/cjs/react-test-renderer.development.js:15461:20)
    at flushSyncCallbacks (/Users/shawn/dev/Resgrid/Unit/node_modules/react-test-renderer/cjs/react-test-renderer.development.js:2597:22)
    at flushActQueue (/Users/shawn/dev/Resgrid/Unit/node_modules/react/cjs/react.development.js:2667:24)
    at act (/Users/shawn/dev/Resgrid/Unit/node_modules/react/cjs/react.development.js:2521:11)
    at actImplementation (/Users/shawn/dev/Resgrid/Unit/node_modules/@testing-library/react-native/src/act.ts:30:25)
    at renderWithAct (/Users/shawn/dev/Resgrid/Unit/node_modules/@testing-library/react-native/src/render-act.ts:12:11)
    at renderInternal (/Users/shawn/dev/Resgrid/Unit/node_modules/@testing-library/react-native/src/render.tsx:81:33)
    at renderInternal (/Users/shawn/dev/Resgrid/Unit/node_modules/@testing-library/react-native/src/render.tsx:44:10)
    at Object.&lt;anonymous&gt; (/Users/shawn/dev/Resgrid/Unit/src/app/(app)/__tests__/protocols.test.tsx:247:11)
    at Generator.next (&lt;anonymous&gt;)
    at asyncGeneratorStep (/Users/shawn/dev/Resgrid/Unit/node_modules/@babel/runtime/helpers/asyncToGenerator.js:3:17)
    at _next (/Users/shawn/dev/Resgrid/Unit/node_modules/@babel/runtime/helpers/asyncToGenerator.js:17:9)
    at /Users/shawn/dev/Resgrid/Unit/node_modules/@babel/runtime/helpers/asyncToGenerator.js:22:7
    at new Promise (&lt;anonymous&gt;)
    at Object.&lt;anonymous&gt; (/Users/shawn/dev/Resgrid/Unit/node_modules/@babel/runtime/helpers/asyncToGenerator.js:14:12)
    at Promise.then.completed (/Users/shawn/dev/Resgrid/Unit/node_modules/jest-circus/build/utils.js:298:28)
    at new Promise (&lt;anonymous&gt;)
    at callAsyncCircusFn (/Users/shawn/dev/Resgrid/Unit/node_modules/jest-circus/build/utils.js:231:10)
    at _callCircusTest (/Users/shawn/dev/Resgrid/Unit/node_modules/jest-circus/build/run.js:316:40)
    at _runTest (/Users/shawn/dev/Resgrid/Unit/node_modules/jest-circus/build/run.js:252:3)
    at _runTestsForDescribeBlock (/Users/shawn/dev/Resgrid/Unit/node_modules/jest-circus/build/run.js:126:9)
    at _runTestsForDescribeBlock (/Users/shawn/dev/Resgrid/Unit/node_modules/jest-circus/build/run.js:121:9)
    at run (/Users/shawn/dev/Resgrid/Unit/node_modules/jest-circus/build/run.js:71:3)
    at runAndTransformResultsToJestFormat (/Users/shawn/dev/Resgrid/Unit/node_modules/jest-circus/build/legacy-code-todo-rewrite/jestAdapterInit.js:122:21)
    at jestAdapter (/Users/shawn/dev/Resgrid/Unit/node_modules/jest-circus/build/legacy-code-todo-rewrite/jestAdapter.js:79:19)
    at runTestInternal (/Users/shawn/dev/Resgrid/Unit/node_modules/jest-runner/build/runTest.js:367:16)
    at runTest (/Users/shawn/dev/Resgrid/Unit/node_modules/jest-runner/build/runTest.js:444:34)
    at Object.worker (/Users/shawn/dev/Resgrid/Unit/node_modules/jest-runner/build/testWorker.js:106:12)</failure>
    </testcase>
    <testcase classname="Protocols Page should show zero state when search returns no results" name="Protocols Page should show zero state when search returns no results" time="0.002">
      <failure>Error: Couldn&apos;t find a navigation object. Is your component inside NavigationContainer?
    at useNavigation (/Users/shawn/dev/Resgrid/Unit/node_modules/@react-navigation/core/src/useNavigation.tsx:22:11)
    at useIsFocused (/Users/shawn/dev/Resgrid/Unit/node_modules/@react-navigation/core/src/useIsFocused.tsx:10:35)
    at FocusAwareStatusBar (/Users/shawn/dev/Resgrid/Unit/src/components/ui/focus-aware-status-bar.tsx:9:33)
    at renderWithHooks (/Users/shawn/dev/Resgrid/Unit/node_modules/react-test-renderer/cjs/react-test-renderer.development.js:5608:18)
    at mountIndeterminateComponent (/Users/shawn/dev/Resgrid/Unit/node_modules/react-test-renderer/cjs/react-test-renderer.development.js:9884:13)
    at beginWork (/Users/shawn/dev/Resgrid/Unit/node_modules/react-test-renderer/cjs/react-test-renderer.development.js:11351:16)
    at performUnitOfWork (/Users/shawn/dev/Resgrid/Unit/node_modules/react-test-renderer/cjs/react-test-renderer.development.js:15847:12)
    at workLoopSync (/Users/shawn/dev/Resgrid/Unit/node_modules/react-test-renderer/cjs/react-test-renderer.development.js:15784:5)
    at renderRootSync (/Users/shawn/dev/Resgrid/Unit/node_modules/react-test-renderer/cjs/react-test-renderer.development.js:15756:7)
    at performSyncWorkOnRoot (/Users/shawn/dev/Resgrid/Unit/node_modules/react-test-renderer/cjs/react-test-renderer.development.js:15461:20)
    at flushSyncCallbacks (/Users/shawn/dev/Resgrid/Unit/node_modules/react-test-renderer/cjs/react-test-renderer.development.js:2597:22)
    at flushActQueue (/Users/shawn/dev/Resgrid/Unit/node_modules/react/cjs/react.development.js:2667:24)
    at act (/Users/shawn/dev/Resgrid/Unit/node_modules/react/cjs/react.development.js:2521:11)
    at actImplementation (/Users/shawn/dev/Resgrid/Unit/node_modules/@testing-library/react-native/src/act.ts:30:25)
    at renderWithAct (/Users/shawn/dev/Resgrid/Unit/node_modules/@testing-library/react-native/src/render-act.ts:12:11)
    at renderInternal (/Users/shawn/dev/Resgrid/Unit/node_modules/@testing-library/react-native/src/render.tsx:81:33)
    at renderInternal (/Users/shawn/dev/Resgrid/Unit/node_modules/@testing-library/react-native/src/render.tsx:44:10)
    at Object.&lt;anonymous&gt; (/Users/shawn/dev/Resgrid/Unit/src/app/(app)/__tests__/protocols.test.tsx:264:11)
    at Promise.then.completed (/Users/shawn/dev/Resgrid/Unit/node_modules/jest-circus/build/utils.js:298:28)
    at new Promise (&lt;anonymous&gt;)
    at callAsyncCircusFn (/Users/shawn/dev/Resgrid/Unit/node_modules/jest-circus/build/utils.js:231:10)
    at _callCircusTest (/Users/shawn/dev/Resgrid/Unit/node_modules/jest-circus/build/run.js:316:40)
    at _runTest (/Users/shawn/dev/Resgrid/Unit/node_modules/jest-circus/build/run.js:252:3)
    at _runTestsForDescribeBlock (/Users/shawn/dev/Resgrid/Unit/node_modules/jest-circus/build/run.js:126:9)
    at _runTestsForDescribeBlock (/Users/shawn/dev/Resgrid/Unit/node_modules/jest-circus/build/run.js:121:9)
    at run (/Users/shawn/dev/Resgrid/Unit/node_modules/jest-circus/build/run.js:71:3)
    at runAndTransformResultsToJestFormat (/Users/shawn/dev/Resgrid/Unit/node_modules/jest-circus/build/legacy-code-todo-rewrite/jestAdapterInit.js:122:21)
    at jestAdapter (/Users/shawn/dev/Resgrid/Unit/node_modules/jest-circus/build/legacy-code-todo-rewrite/jestAdapter.js:79:19)
    at runTestInternal (/Users/shawn/dev/Resgrid/Unit/node_modules/jest-runner/build/runTest.js:367:16)
    at runTest (/Users/shawn/dev/Resgrid/Unit/node_modules/jest-runner/build/runTest.js:444:34)
    at Object.worker (/Users/shawn/dev/Resgrid/Unit/node_modules/jest-runner/build/testWorker.js:106:12)</failure>
    </testcase>
    <testcase classname="Protocols Page should handle search input changes" name="Protocols Page should handle search input changes" time="0.004">
      <failure>Error: Couldn&apos;t find a navigation object. Is your component inside NavigationContainer?
    at useNavigation (/Users/shawn/dev/Resgrid/Unit/node_modules/@react-navigation/core/src/useNavigation.tsx:22:11)
    at useIsFocused (/Users/shawn/dev/Resgrid/Unit/node_modules/@react-navigation/core/src/useIsFocused.tsx:10:35)
    at FocusAwareStatusBar (/Users/shawn/dev/Resgrid/Unit/src/components/ui/focus-aware-status-bar.tsx:9:33)
    at renderWithHooks (/Users/shawn/dev/Resgrid/Unit/node_modules/react-test-renderer/cjs/react-test-renderer.development.js:5608:18)
    at mountIndeterminateComponent (/Users/shawn/dev/Resgrid/Unit/node_modules/react-test-renderer/cjs/react-test-renderer.development.js:9884:13)
    at beginWork (/Users/shawn/dev/Resgrid/Unit/node_modules/react-test-renderer/cjs/react-test-renderer.development.js:11351:16)
    at performUnitOfWork (/Users/shawn/dev/Resgrid/Unit/node_modules/react-test-renderer/cjs/react-test-renderer.development.js:15847:12)
    at workLoopSync (/Users/shawn/dev/Resgrid/Unit/node_modules/react-test-renderer/cjs/react-test-renderer.development.js:15784:5)
    at renderRootSync (/Users/shawn/dev/Resgrid/Unit/node_modules/react-test-renderer/cjs/react-test-renderer.development.js:15756:7)
    at performSyncWorkOnRoot (/Users/shawn/dev/Resgrid/Unit/node_modules/react-test-renderer/cjs/react-test-renderer.development.js:15461:20)
    at flushSyncCallbacks (/Users/shawn/dev/Resgrid/Unit/node_modules/react-test-renderer/cjs/react-test-renderer.development.js:2597:22)
    at flushActQueue (/Users/shawn/dev/Resgrid/Unit/node_modules/react/cjs/react.development.js:2667:24)
    at act (/Users/shawn/dev/Resgrid/Unit/node_modules/react/cjs/react.development.js:2521:11)
    at actImplementation (/Users/shawn/dev/Resgrid/Unit/node_modules/@testing-library/react-native/src/act.ts:30:25)
    at renderWithAct (/Users/shawn/dev/Resgrid/Unit/node_modules/@testing-library/react-native/src/render-act.ts:12:11)
    at renderInternal (/Users/shawn/dev/Resgrid/Unit/node_modules/@testing-library/react-native/src/render.tsx:81:33)
    at renderInternal (/Users/shawn/dev/Resgrid/Unit/node_modules/@testing-library/react-native/src/render.tsx:44:10)
    at Object.&lt;anonymous&gt; (/Users/shawn/dev/Resgrid/Unit/src/app/(app)/__tests__/protocols.test.tsx:276:11)
    at Generator.next (&lt;anonymous&gt;)
    at asyncGeneratorStep (/Users/shawn/dev/Resgrid/Unit/node_modules/@babel/runtime/helpers/asyncToGenerator.js:3:17)
    at _next (/Users/shawn/dev/Resgrid/Unit/node_modules/@babel/runtime/helpers/asyncToGenerator.js:17:9)
    at /Users/shawn/dev/Resgrid/Unit/node_modules/@babel/runtime/helpers/asyncToGenerator.js:22:7
    at new Promise (&lt;anonymous&gt;)
    at Object.&lt;anonymous&gt; (/Users/shawn/dev/Resgrid/Unit/node_modules/@babel/runtime/helpers/asyncToGenerator.js:14:12)
    at Promise.then.completed (/Users/shawn/dev/Resgrid/Unit/node_modules/jest-circus/build/utils.js:298:28)
    at new Promise (&lt;anonymous&gt;)
    at callAsyncCircusFn (/Users/shawn/dev/Resgrid/Unit/node_modules/jest-circus/build/utils.js:231:10)
    at _callCircusTest (/Users/shawn/dev/Resgrid/Unit/node_modules/jest-circus/build/run.js:316:40)
    at _runTest (/Users/shawn/dev/Resgrid/Unit/node_modules/jest-circus/build/run.js:252:3)
    at _runTestsForDescribeBlock (/Users/shawn/dev/Resgrid/Unit/node_modules/jest-circus/build/run.js:126:9)
    at _runTestsForDescribeBlock (/Users/shawn/dev/Resgrid/Unit/node_modules/jest-circus/build/run.js:121:9)
    at run (/Users/shawn/dev/Resgrid/Unit/node_modules/jest-circus/build/run.js:71:3)
    at runAndTransformResultsToJestFormat (/Users/shawn/dev/Resgrid/Unit/node_modules/jest-circus/build/legacy-code-todo-rewrite/jestAdapterInit.js:122:21)
    at jestAdapter (/Users/shawn/dev/Resgrid/Unit/node_modules/jest-circus/build/legacy-code-todo-rewrite/jestAdapter.js:79:19)
    at runTestInternal (/Users/shawn/dev/Resgrid/Unit/node_modules/jest-runner/build/runTest.js:367:16)
    at runTest (/Users/shawn/dev/Resgrid/Unit/node_modules/jest-runner/build/runTest.js:444:34)
    at Object.worker (/Users/shawn/dev/Resgrid/Unit/node_modules/jest-runner/build/testWorker.js:106:12)</failure>
    </testcase>
    <testcase classname="Protocols Page should clear search query when X button is pressed" name="Protocols Page should clear search query when X button is pressed" time="0.003">
      <failure>Error: Couldn&apos;t find a navigation object. Is your component inside NavigationContainer?
    at useNavigation (/Users/shawn/dev/Resgrid/Unit/node_modules/@react-navigation/core/src/useNavigation.tsx:22:11)
    at useIsFocused (/Users/shawn/dev/Resgrid/Unit/node_modules/@react-navigation/core/src/useIsFocused.tsx:10:35)
    at FocusAwareStatusBar (/Users/shawn/dev/Resgrid/Unit/src/components/ui/focus-aware-status-bar.tsx:9:33)
    at renderWithHooks (/Users/shawn/dev/Resgrid/Unit/node_modules/react-test-renderer/cjs/react-test-renderer.development.js:5608:18)
    at mountIndeterminateComponent (/Users/shawn/dev/Resgrid/Unit/node_modules/react-test-renderer/cjs/react-test-renderer.development.js:9884:13)
    at beginWork (/Users/shawn/dev/Resgrid/Unit/node_modules/react-test-renderer/cjs/react-test-renderer.development.js:11351:16)
    at performUnitOfWork (/Users/shawn/dev/Resgrid/Unit/node_modules/react-test-renderer/cjs/react-test-renderer.development.js:15847:12)
    at workLoopSync (/Users/shawn/dev/Resgrid/Unit/node_modules/react-test-renderer/cjs/react-test-renderer.development.js:15784:5)
    at renderRootSync (/Users/shawn/dev/Resgrid/Unit/node_modules/react-test-renderer/cjs/react-test-renderer.development.js:15756:7)
    at performSyncWorkOnRoot (/Users/shawn/dev/Resgrid/Unit/node_modules/react-test-renderer/cjs/react-test-renderer.development.js:15461:20)
    at flushSyncCallbacks (/Users/shawn/dev/Resgrid/Unit/node_modules/react-test-renderer/cjs/react-test-renderer.development.js:2597:22)
    at flushActQueue (/Users/shawn/dev/Resgrid/Unit/node_modules/react/cjs/react.development.js:2667:24)
    at act (/Users/shawn/dev/Resgrid/Unit/node_modules/react/cjs/react.development.js:2521:11)
    at actImplementation (/Users/shawn/dev/Resgrid/Unit/node_modules/@testing-library/react-native/src/act.ts:30:25)
    at renderWithAct (/Users/shawn/dev/Resgrid/Unit/node_modules/@testing-library/react-native/src/render-act.ts:12:11)
    at renderInternal (/Users/shawn/dev/Resgrid/Unit/node_modules/@testing-library/react-native/src/render.tsx:81:33)
    at renderInternal (/Users/shawn/dev/Resgrid/Unit/node_modules/@testing-library/react-native/src/render.tsx:44:10)
    at Object.&lt;anonymous&gt; (/Users/shawn/dev/Resgrid/Unit/src/app/(app)/__tests__/protocols.test.tsx:291:11)
    at Generator.next (&lt;anonymous&gt;)
    at asyncGeneratorStep (/Users/shawn/dev/Resgrid/Unit/node_modules/@babel/runtime/helpers/asyncToGenerator.js:3:17)
    at _next (/Users/shawn/dev/Resgrid/Unit/node_modules/@babel/runtime/helpers/asyncToGenerator.js:17:9)
    at /Users/shawn/dev/Resgrid/Unit/node_modules/@babel/runtime/helpers/asyncToGenerator.js:22:7
    at new Promise (&lt;anonymous&gt;)
    at Object.&lt;anonymous&gt; (/Users/shawn/dev/Resgrid/Unit/node_modules/@babel/runtime/helpers/asyncToGenerator.js:14:12)
    at Promise.then.completed (/Users/shawn/dev/Resgrid/Unit/node_modules/jest-circus/build/utils.js:298:28)
    at new Promise (&lt;anonymous&gt;)
    at callAsyncCircusFn (/Users/shawn/dev/Resgrid/Unit/node_modules/jest-circus/build/utils.js:231:10)
    at _callCircusTest (/Users/shawn/dev/Resgrid/Unit/node_modules/jest-circus/build/run.js:316:40)
    at _runTest (/Users/shawn/dev/Resgrid/Unit/node_modules/jest-circus/build/run.js:252:3)
    at _runTestsForDescribeBlock (/Users/shawn/dev/Resgrid/Unit/node_modules/jest-circus/build/run.js:126:9)
    at _runTestsForDescribeBlock (/Users/shawn/dev/Resgrid/Unit/node_modules/jest-circus/build/run.js:121:9)
    at run (/Users/shawn/dev/Resgrid/Unit/node_modules/jest-circus/build/run.js:71:3)
    at runAndTransformResultsToJestFormat (/Users/shawn/dev/Resgrid/Unit/node_modules/jest-circus/build/legacy-code-todo-rewrite/jestAdapterInit.js:122:21)
    at jestAdapter (/Users/shawn/dev/Resgrid/Unit/node_modules/jest-circus/build/legacy-code-todo-rewrite/jestAdapter.js:79:19)
    at runTestInternal (/Users/shawn/dev/Resgrid/Unit/node_modules/jest-runner/build/runTest.js:367:16)
    at runTest (/Users/shawn/dev/Resgrid/Unit/node_modules/jest-runner/build/runTest.js:444:34)
    at Object.worker (/Users/shawn/dev/Resgrid/Unit/node_modules/jest-runner/build/testWorker.js:106:12)</failure>
    </testcase>
    <testcase classname="Protocols Page should handle protocol selection" name="Protocols Page should handle protocol selection" time="0.006">
      <failure>Error: Couldn&apos;t find a navigation object. Is your component inside NavigationContainer?
    at useNavigation (/Users/shawn/dev/Resgrid/Unit/node_modules/@react-navigation/core/src/useNavigation.tsx:22:11)
    at useIsFocused (/Users/shawn/dev/Resgrid/Unit/node_modules/@react-navigation/core/src/useIsFocused.tsx:10:35)
    at FocusAwareStatusBar (/Users/shawn/dev/Resgrid/Unit/src/components/ui/focus-aware-status-bar.tsx:9:33)
    at renderWithHooks (/Users/shawn/dev/Resgrid/Unit/node_modules/react-test-renderer/cjs/react-test-renderer.development.js:5608:18)
    at mountIndeterminateComponent (/Users/shawn/dev/Resgrid/Unit/node_modules/react-test-renderer/cjs/react-test-renderer.development.js:9884:13)
    at beginWork (/Users/shawn/dev/Resgrid/Unit/node_modules/react-test-renderer/cjs/react-test-renderer.development.js:11351:16)
    at performUnitOfWork (/Users/shawn/dev/Resgrid/Unit/node_modules/react-test-renderer/cjs/react-test-renderer.development.js:15847:12)
    at workLoopSync (/Users/shawn/dev/Resgrid/Unit/node_modules/react-test-renderer/cjs/react-test-renderer.development.js:15784:5)
    at renderRootSync (/Users/shawn/dev/Resgrid/Unit/node_modules/react-test-renderer/cjs/react-test-renderer.development.js:15756:7)
    at performSyncWorkOnRoot (/Users/shawn/dev/Resgrid/Unit/node_modules/react-test-renderer/cjs/react-test-renderer.development.js:15461:20)
    at flushSyncCallbacks (/Users/shawn/dev/Resgrid/Unit/node_modules/react-test-renderer/cjs/react-test-renderer.development.js:2597:22)
    at flushActQueue (/Users/shawn/dev/Resgrid/Unit/node_modules/react/cjs/react.development.js:2667:24)
    at act (/Users/shawn/dev/Resgrid/Unit/node_modules/react/cjs/react.development.js:2521:11)
    at actImplementation (/Users/shawn/dev/Resgrid/Unit/node_modules/@testing-library/react-native/src/act.ts:30:25)
    at renderWithAct (/Users/shawn/dev/Resgrid/Unit/node_modules/@testing-library/react-native/src/render-act.ts:12:11)
    at renderInternal (/Users/shawn/dev/Resgrid/Unit/node_modules/@testing-library/react-native/src/render.tsx:81:33)
    at renderInternal (/Users/shawn/dev/Resgrid/Unit/node_modules/@testing-library/react-native/src/render.tsx:44:10)
    at Object.&lt;anonymous&gt; (/Users/shawn/dev/Resgrid/Unit/src/app/(app)/__tests__/protocols.test.tsx:308:11)
    at Generator.next (&lt;anonymous&gt;)
    at asyncGeneratorStep (/Users/shawn/dev/Resgrid/Unit/node_modules/@babel/runtime/helpers/asyncToGenerator.js:3:17)
    at _next (/Users/shawn/dev/Resgrid/Unit/node_modules/@babel/runtime/helpers/asyncToGenerator.js:17:9)
    at /Users/shawn/dev/Resgrid/Unit/node_modules/@babel/runtime/helpers/asyncToGenerator.js:22:7
    at new Promise (&lt;anonymous&gt;)
    at Object.&lt;anonymous&gt; (/Users/shawn/dev/Resgrid/Unit/node_modules/@babel/runtime/helpers/asyncToGenerator.js:14:12)
    at Promise.then.completed (/Users/shawn/dev/Resgrid/Unit/node_modules/jest-circus/build/utils.js:298:28)
    at new Promise (&lt;anonymous&gt;)
    at callAsyncCircusFn (/Users/shawn/dev/Resgrid/Unit/node_modules/jest-circus/build/utils.js:231:10)
    at _callCircusTest (/Users/shawn/dev/Resgrid/Unit/node_modules/jest-circus/build/run.js:316:40)
    at _runTest (/Users/shawn/dev/Resgrid/Unit/node_modules/jest-circus/build/run.js:252:3)
    at _runTestsForDescribeBlock (/Users/shawn/dev/Resgrid/Unit/node_modules/jest-circus/build/run.js:126:9)
    at _runTestsForDescribeBlock (/Users/shawn/dev/Resgrid/Unit/node_modules/jest-circus/build/run.js:121:9)
    at run (/Users/shawn/dev/Resgrid/Unit/node_modules/jest-circus/build/run.js:71:3)
    at runAndTransformResultsToJestFormat (/Users/shawn/dev/Resgrid/Unit/node_modules/jest-circus/build/legacy-code-todo-rewrite/jestAdapterInit.js:122:21)
    at jestAdapter (/Users/shawn/dev/Resgrid/Unit/node_modules/jest-circus/build/legacy-code-todo-rewrite/jestAdapter.js:79:19)
    at runTestInternal (/Users/shawn/dev/Resgrid/Unit/node_modules/jest-runner/build/runTest.js:367:16)
    at runTest (/Users/shawn/dev/Resgrid/Unit/node_modules/jest-runner/build/runTest.js:444:34)
    at Object.worker (/Users/shawn/dev/Resgrid/Unit/node_modules/jest-runner/build/testWorker.js:106:12)</failure>
    </testcase>
    <testcase classname="Protocols Page should handle pull-to-refresh" name="Protocols Page should handle pull-to-refresh" time="0.005">
      <failure>Error: Couldn&apos;t find a navigation object. Is your component inside NavigationContainer?
    at useNavigation (/Users/shawn/dev/Resgrid/Unit/node_modules/@react-navigation/core/src/useNavigation.tsx:22:11)
    at useIsFocused (/Users/shawn/dev/Resgrid/Unit/node_modules/@react-navigation/core/src/useIsFocused.tsx:10:35)
    at FocusAwareStatusBar (/Users/shawn/dev/Resgrid/Unit/src/components/ui/focus-aware-status-bar.tsx:9:33)
    at renderWithHooks (/Users/shawn/dev/Resgrid/Unit/node_modules/react-test-renderer/cjs/react-test-renderer.development.js:5608:18)
    at mountIndeterminateComponent (/Users/shawn/dev/Resgrid/Unit/node_modules/react-test-renderer/cjs/react-test-renderer.development.js:9884:13)
    at beginWork (/Users/shawn/dev/Resgrid/Unit/node_modules/react-test-renderer/cjs/react-test-renderer.development.js:11351:16)
    at performUnitOfWork (/Users/shawn/dev/Resgrid/Unit/node_modules/react-test-renderer/cjs/react-test-renderer.development.js:15847:12)
    at workLoopSync (/Users/shawn/dev/Resgrid/Unit/node_modules/react-test-renderer/cjs/react-test-renderer.development.js:15784:5)
    at renderRootSync (/Users/shawn/dev/Resgrid/Unit/node_modules/react-test-renderer/cjs/react-test-renderer.development.js:15756:7)
    at performSyncWorkOnRoot (/Users/shawn/dev/Resgrid/Unit/node_modules/react-test-renderer/cjs/react-test-renderer.development.js:15461:20)
    at flushSyncCallbacks (/Users/shawn/dev/Resgrid/Unit/node_modules/react-test-renderer/cjs/react-test-renderer.development.js:2597:22)
    at flushActQueue (/Users/shawn/dev/Resgrid/Unit/node_modules/react/cjs/react.development.js:2667:24)
    at act (/Users/shawn/dev/Resgrid/Unit/node_modules/react/cjs/react.development.js:2521:11)
    at actImplementation (/Users/shawn/dev/Resgrid/Unit/node_modules/@testing-library/react-native/src/act.ts:30:25)
    at renderWithAct (/Users/shawn/dev/Resgrid/Unit/node_modules/@testing-library/react-native/src/render-act.ts:12:11)
    at renderInternal (/Users/shawn/dev/Resgrid/Unit/node_modules/@testing-library/react-native/src/render.tsx:81:33)
    at renderInternal (/Users/shawn/dev/Resgrid/Unit/node_modules/@testing-library/react-native/src/render.tsx:44:10)
    at Object.&lt;anonymous&gt; (/Users/shawn/dev/Resgrid/Unit/src/app/(app)/__tests__/protocols.test.tsx:322:11)
    at Generator.next (&lt;anonymous&gt;)
    at asyncGeneratorStep (/Users/shawn/dev/Resgrid/Unit/node_modules/@babel/runtime/helpers/asyncToGenerator.js:3:17)
    at _next (/Users/shawn/dev/Resgrid/Unit/node_modules/@babel/runtime/helpers/asyncToGenerator.js:17:9)
    at /Users/shawn/dev/Resgrid/Unit/node_modules/@babel/runtime/helpers/asyncToGenerator.js:22:7
    at new Promise (&lt;anonymous&gt;)
    at Object.&lt;anonymous&gt; (/Users/shawn/dev/Resgrid/Unit/node_modules/@babel/runtime/helpers/asyncToGenerator.js:14:12)
    at Promise.then.completed (/Users/shawn/dev/Resgrid/Unit/node_modules/jest-circus/build/utils.js:298:28)
    at new Promise (&lt;anonymous&gt;)
    at callAsyncCircusFn (/Users/shawn/dev/Resgrid/Unit/node_modules/jest-circus/build/utils.js:231:10)
    at _callCircusTest (/Users/shawn/dev/Resgrid/Unit/node_modules/jest-circus/build/run.js:316:40)
    at _runTest (/Users/shawn/dev/Resgrid/Unit/node_modules/jest-circus/build/run.js:252:3)
    at _runTestsForDescribeBlock (/Users/shawn/dev/Resgrid/Unit/node_modules/jest-circus/build/run.js:126:9)
    at _runTestsForDescribeBlock (/Users/shawn/dev/Resgrid/Unit/node_modules/jest-circus/build/run.js:121:9)
    at run (/Users/shawn/dev/Resgrid/Unit/node_modules/jest-circus/build/run.js:71:3)
    at runAndTransformResultsToJestFormat (/Users/shawn/dev/Resgrid/Unit/node_modules/jest-circus/build/legacy-code-todo-rewrite/jestAdapterInit.js:122:21)
    at jestAdapter (/Users/shawn/dev/Resgrid/Unit/node_modules/jest-circus/build/legacy-code-todo-rewrite/jestAdapter.js:79:19)
    at runTestInternal (/Users/shawn/dev/Resgrid/Unit/node_modules/jest-runner/build/runTest.js:367:16)
    at runTest (/Users/shawn/dev/Resgrid/Unit/node_modules/jest-runner/build/runTest.js:444:34)
    at Object.worker (/Users/shawn/dev/Resgrid/Unit/node_modules/jest-runner/build/testWorker.js:106:12)</failure>
    </testcase>
    <testcase classname="Protocols Page should render protocol details sheet" name="Protocols Page should render protocol details sheet" time="0.003">
      <failure>Error: Couldn&apos;t find a navigation object. Is your component inside NavigationContainer?
    at useNavigation (/Users/shawn/dev/Resgrid/Unit/node_modules/@react-navigation/core/src/useNavigation.tsx:22:11)
    at useIsFocused (/Users/shawn/dev/Resgrid/Unit/node_modules/@react-navigation/core/src/useIsFocused.tsx:10:35)
    at FocusAwareStatusBar (/Users/shawn/dev/Resgrid/Unit/src/components/ui/focus-aware-status-bar.tsx:9:33)
    at renderWithHooks (/Users/shawn/dev/Resgrid/Unit/node_modules/react-test-renderer/cjs/react-test-renderer.development.js:5608:18)
    at mountIndeterminateComponent (/Users/shawn/dev/Resgrid/Unit/node_modules/react-test-renderer/cjs/react-test-renderer.development.js:9884:13)
    at beginWork (/Users/shawn/dev/Resgrid/Unit/node_modules/react-test-renderer/cjs/react-test-renderer.development.js:11351:16)
    at performUnitOfWork (/Users/shawn/dev/Resgrid/Unit/node_modules/react-test-renderer/cjs/react-test-renderer.development.js:15847:12)
    at workLoopSync (/Users/shawn/dev/Resgrid/Unit/node_modules/react-test-renderer/cjs/react-test-renderer.development.js:15784:5)
    at renderRootSync (/Users/shawn/dev/Resgrid/Unit/node_modules/react-test-renderer/cjs/react-test-renderer.development.js:15756:7)
    at performSyncWorkOnRoot (/Users/shawn/dev/Resgrid/Unit/node_modules/react-test-renderer/cjs/react-test-renderer.development.js:15461:20)
    at flushSyncCallbacks (/Users/shawn/dev/Resgrid/Unit/node_modules/react-test-renderer/cjs/react-test-renderer.development.js:2597:22)
    at flushActQueue (/Users/shawn/dev/Resgrid/Unit/node_modules/react/cjs/react.development.js:2667:24)
    at act (/Users/shawn/dev/Resgrid/Unit/node_modules/react/cjs/react.development.js:2521:11)
    at actImplementation (/Users/shawn/dev/Resgrid/Unit/node_modules/@testing-library/react-native/src/act.ts:30:25)
    at renderWithAct (/Users/shawn/dev/Resgrid/Unit/node_modules/@testing-library/react-native/src/render-act.ts:12:11)
    at renderInternal (/Users/shawn/dev/Resgrid/Unit/node_modules/@testing-library/react-native/src/render.tsx:81:33)
    at renderInternal (/Users/shawn/dev/Resgrid/Unit/node_modules/@testing-library/react-native/src/render.tsx:44:10)
    at Object.&lt;anonymous&gt; (/Users/shawn/dev/Resgrid/Unit/src/app/(app)/__tests__/protocols.test.tsx:338:11)
    at Promise.then.completed (/Users/shawn/dev/Resgrid/Unit/node_modules/jest-circus/build/utils.js:298:28)
    at new Promise (&lt;anonymous&gt;)
    at callAsyncCircusFn (/Users/shawn/dev/Resgrid/Unit/node_modules/jest-circus/build/utils.js:231:10)
    at _callCircusTest (/Users/shawn/dev/Resgrid/Unit/node_modules/jest-circus/build/run.js:316:40)
    at _runTest (/Users/shawn/dev/Resgrid/Unit/node_modules/jest-circus/build/run.js:252:3)
    at _runTestsForDescribeBlock (/Users/shawn/dev/Resgrid/Unit/node_modules/jest-circus/build/run.js:126:9)
    at _runTestsForDescribeBlock (/Users/shawn/dev/Resgrid/Unit/node_modules/jest-circus/build/run.js:121:9)
    at run (/Users/shawn/dev/Resgrid/Unit/node_modules/jest-circus/build/run.js:71:3)
    at runAndTransformResultsToJestFormat (/Users/shawn/dev/Resgrid/Unit/node_modules/jest-circus/build/legacy-code-todo-rewrite/jestAdapterInit.js:122:21)
    at jestAdapter (/Users/shawn/dev/Resgrid/Unit/node_modules/jest-circus/build/legacy-code-todo-rewrite/jestAdapter.js:79:19)
    at runTestInternal (/Users/shawn/dev/Resgrid/Unit/node_modules/jest-runner/build/runTest.js:367:16)
    at runTest (/Users/shawn/dev/Resgrid/Unit/node_modules/jest-runner/build/runTest.js:444:34)
    at Object.worker (/Users/shawn/dev/Resgrid/Unit/node_modules/jest-runner/build/testWorker.js:106:12)</failure>
    </testcase>
    <testcase classname="Protocols Page should handle case-insensitive search" name="Protocols Page should handle case-insensitive search" time="0.006">
      <failure>Error: Couldn&apos;t find a navigation object. Is your component inside NavigationContainer?
    at useNavigation (/Users/shawn/dev/Resgrid/Unit/node_modules/@react-navigation/core/src/useNavigation.tsx:22:11)
    at useIsFocused (/Users/shawn/dev/Resgrid/Unit/node_modules/@react-navigation/core/src/useIsFocused.tsx:10:35)
    at FocusAwareStatusBar (/Users/shawn/dev/Resgrid/Unit/src/components/ui/focus-aware-status-bar.tsx:9:33)
    at renderWithHooks (/Users/shawn/dev/Resgrid/Unit/node_modules/react-test-renderer/cjs/react-test-renderer.development.js:5608:18)
    at mountIndeterminateComponent (/Users/shawn/dev/Resgrid/Unit/node_modules/react-test-renderer/cjs/react-test-renderer.development.js:9884:13)
    at beginWork (/Users/shawn/dev/Resgrid/Unit/node_modules/react-test-renderer/cjs/react-test-renderer.development.js:11351:16)
    at performUnitOfWork (/Users/shawn/dev/Resgrid/Unit/node_modules/react-test-renderer/cjs/react-test-renderer.development.js:15847:12)
    at workLoopSync (/Users/shawn/dev/Resgrid/Unit/node_modules/react-test-renderer/cjs/react-test-renderer.development.js:15784:5)
    at renderRootSync (/Users/shawn/dev/Resgrid/Unit/node_modules/react-test-renderer/cjs/react-test-renderer.development.js:15756:7)
    at performSyncWorkOnRoot (/Users/shawn/dev/Resgrid/Unit/node_modules/react-test-renderer/cjs/react-test-renderer.development.js:15461:20)
    at flushSyncCallbacks (/Users/shawn/dev/Resgrid/Unit/node_modules/react-test-renderer/cjs/react-test-renderer.development.js:2597:22)
    at flushActQueue (/Users/shawn/dev/Resgrid/Unit/node_modules/react/cjs/react.development.js:2667:24)
    at act (/Users/shawn/dev/Resgrid/Unit/node_modules/react/cjs/react.development.js:2521:11)
    at actImplementation (/Users/shawn/dev/Resgrid/Unit/node_modules/@testing-library/react-native/src/act.ts:30:25)
    at renderWithAct (/Users/shawn/dev/Resgrid/Unit/node_modules/@testing-library/react-native/src/render-act.ts:12:11)
    at renderInternal (/Users/shawn/dev/Resgrid/Unit/node_modules/@testing-library/react-native/src/render.tsx:81:33)
    at renderInternal (/Users/shawn/dev/Resgrid/Unit/node_modules/@testing-library/react-native/src/render.tsx:44:10)
    at Object.&lt;anonymous&gt; (/Users/shawn/dev/Resgrid/Unit/src/app/(app)/__tests__/protocols.test.tsx:350:11)
    at Generator.next (&lt;anonymous&gt;)
    at asyncGeneratorStep (/Users/shawn/dev/Resgrid/Unit/node_modules/@babel/runtime/helpers/asyncToGenerator.js:3:17)
    at _next (/Users/shawn/dev/Resgrid/Unit/node_modules/@babel/runtime/helpers/asyncToGenerator.js:17:9)
    at /Users/shawn/dev/Resgrid/Unit/node_modules/@babel/runtime/helpers/asyncToGenerator.js:22:7
    at new Promise (&lt;anonymous&gt;)
    at Object.&lt;anonymous&gt; (/Users/shawn/dev/Resgrid/Unit/node_modules/@babel/runtime/helpers/asyncToGenerator.js:14:12)
    at Promise.then.completed (/Users/shawn/dev/Resgrid/Unit/node_modules/jest-circus/build/utils.js:298:28)
    at new Promise (&lt;anonymous&gt;)
    at callAsyncCircusFn (/Users/shawn/dev/Resgrid/Unit/node_modules/jest-circus/build/utils.js:231:10)
    at _callCircusTest (/Users/shawn/dev/Resgrid/Unit/node_modules/jest-circus/build/run.js:316:40)
    at _runTest (/Users/shawn/dev/Resgrid/Unit/node_modules/jest-circus/build/run.js:252:3)
    at _runTestsForDescribeBlock (/Users/shawn/dev/Resgrid/Unit/node_modules/jest-circus/build/run.js:126:9)
    at _runTestsForDescribeBlock (/Users/shawn/dev/Resgrid/Unit/node_modules/jest-circus/build/run.js:121:9)
    at run (/Users/shawn/dev/Resgrid/Unit/node_modules/jest-circus/build/run.js:71:3)
    at runAndTransformResultsToJestFormat (/Users/shawn/dev/Resgrid/Unit/node_modules/jest-circus/build/legacy-code-todo-rewrite/jestAdapterInit.js:122:21)
    at jestAdapter (/Users/shawn/dev/Resgrid/Unit/node_modules/jest-circus/build/legacy-code-todo-rewrite/jestAdapter.js:79:19)
    at runTestInternal (/Users/shawn/dev/Resgrid/Unit/node_modules/jest-runner/build/runTest.js:367:16)
    at runTest (/Users/shawn/dev/Resgrid/Unit/node_modules/jest-runner/build/runTest.js:444:34)
    at Object.worker (/Users/shawn/dev/Resgrid/Unit/node_modules/jest-runner/build/testWorker.js:106:12)</failure>
    </testcase>
    <testcase classname="Protocols Page should handle empty search query by showing all protocols" name="Protocols Page should handle empty search query by showing all protocols" time="0.008">
      <failure>Error: Couldn&apos;t find a navigation object. Is your component inside NavigationContainer?
    at useNavigation (/Users/shawn/dev/Resgrid/Unit/node_modules/@react-navigation/core/src/useNavigation.tsx:22:11)
    at useIsFocused (/Users/shawn/dev/Resgrid/Unit/node_modules/@react-navigation/core/src/useIsFocused.tsx:10:35)
    at FocusAwareStatusBar (/Users/shawn/dev/Resgrid/Unit/src/components/ui/focus-aware-status-bar.tsx:9:33)
    at renderWithHooks (/Users/shawn/dev/Resgrid/Unit/node_modules/react-test-renderer/cjs/react-test-renderer.development.js:5608:18)
    at mountIndeterminateComponent (/Users/shawn/dev/Resgrid/Unit/node_modules/react-test-renderer/cjs/react-test-renderer.development.js:9884:13)
    at beginWork (/Users/shawn/dev/Resgrid/Unit/node_modules/react-test-renderer/cjs/react-test-renderer.development.js:11351:16)
    at performUnitOfWork (/Users/shawn/dev/Resgrid/Unit/node_modules/react-test-renderer/cjs/react-test-renderer.development.js:15847:12)
    at workLoopSync (/Users/shawn/dev/Resgrid/Unit/node_modules/react-test-renderer/cjs/react-test-renderer.development.js:15784:5)
    at renderRootSync (/Users/shawn/dev/Resgrid/Unit/node_modules/react-test-renderer/cjs/react-test-renderer.development.js:15756:7)
    at performSyncWorkOnRoot (/Users/shawn/dev/Resgrid/Unit/node_modules/react-test-renderer/cjs/react-test-renderer.development.js:15461:20)
    at flushSyncCallbacks (/Users/shawn/dev/Resgrid/Unit/node_modules/react-test-renderer/cjs/react-test-renderer.development.js:2597:22)
    at flushActQueue (/Users/shawn/dev/Resgrid/Unit/node_modules/react/cjs/react.development.js:2667:24)
    at act (/Users/shawn/dev/Resgrid/Unit/node_modules/react/cjs/react.development.js:2521:11)
    at actImplementation (/Users/shawn/dev/Resgrid/Unit/node_modules/@testing-library/react-native/src/act.ts:30:25)
    at renderWithAct (/Users/shawn/dev/Resgrid/Unit/node_modules/@testing-library/react-native/src/render-act.ts:12:11)
    at renderInternal (/Users/shawn/dev/Resgrid/Unit/node_modules/@testing-library/react-native/src/render.tsx:81:33)
    at renderInternal (/Users/shawn/dev/Resgrid/Unit/node_modules/@testing-library/react-native/src/render.tsx:44:10)
    at Object.&lt;anonymous&gt; (/Users/shawn/dev/Resgrid/Unit/src/app/(app)/__tests__/protocols.test.tsx:365:11)
    at Generator.next (&lt;anonymous&gt;)
    at asyncGeneratorStep (/Users/shawn/dev/Resgrid/Unit/node_modules/@babel/runtime/helpers/asyncToGenerator.js:3:17)
    at _next (/Users/shawn/dev/Resgrid/Unit/node_modules/@babel/runtime/helpers/asyncToGenerator.js:17:9)
    at /Users/shawn/dev/Resgrid/Unit/node_modules/@babel/runtime/helpers/asyncToGenerator.js:22:7
    at new Promise (&lt;anonymous&gt;)
    at Object.&lt;anonymous&gt; (/Users/shawn/dev/Resgrid/Unit/node_modules/@babel/runtime/helpers/asyncToGenerator.js:14:12)
    at Promise.then.completed (/Users/shawn/dev/Resgrid/Unit/node_modules/jest-circus/build/utils.js:298:28)
    at new Promise (&lt;anonymous&gt;)
    at callAsyncCircusFn (/Users/shawn/dev/Resgrid/Unit/node_modules/jest-circus/build/utils.js:231:10)
    at _callCircusTest (/Users/shawn/dev/Resgrid/Unit/node_modules/jest-circus/build/run.js:316:40)
    at _runTest (/Users/shawn/dev/Resgrid/Unit/node_modules/jest-circus/build/run.js:252:3)
    at _runTestsForDescribeBlock (/Users/shawn/dev/Resgrid/Unit/node_modules/jest-circus/build/run.js:126:9)
    at _runTestsForDescribeBlock (/Users/shawn/dev/Resgrid/Unit/node_modules/jest-circus/build/run.js:121:9)
    at run (/Users/shawn/dev/Resgrid/Unit/node_modules/jest-circus/build/run.js:71:3)
    at runAndTransformResultsToJestFormat (/Users/shawn/dev/Resgrid/Unit/node_modules/jest-circus/build/legacy-code-todo-rewrite/jestAdapterInit.js:122:21)
    at jestAdapter (/Users/shawn/dev/Resgrid/Unit/node_modules/jest-circus/build/legacy-code-todo-rewrite/jestAdapter.js:79:19)
    at runTestInternal (/Users/shawn/dev/Resgrid/Unit/node_modules/jest-runner/build/runTest.js:367:16)
    at runTest (/Users/shawn/dev/Resgrid/Unit/node_modules/jest-runner/build/runTest.js:444:34)
    at Object.worker (/Users/shawn/dev/Resgrid/Unit/node_modules/jest-runner/build/testWorker.js:106:12)</failure>
    </testcase>
    <testcase classname="Protocols Page should handle whitespace-only search query by showing all protocols" name="Protocols Page should handle whitespace-only search query by showing all protocols" time="0.015">
      <failure>Error: Couldn&apos;t find a navigation object. Is your component inside NavigationContainer?
    at useNavigation (/Users/shawn/dev/Resgrid/Unit/node_modules/@react-navigation/core/src/useNavigation.tsx:22:11)
    at useIsFocused (/Users/shawn/dev/Resgrid/Unit/node_modules/@react-navigation/core/src/useIsFocused.tsx:10:35)
    at FocusAwareStatusBar (/Users/shawn/dev/Resgrid/Unit/src/components/ui/focus-aware-status-bar.tsx:9:33)
    at renderWithHooks (/Users/shawn/dev/Resgrid/Unit/node_modules/react-test-renderer/cjs/react-test-renderer.development.js:5608:18)
    at mountIndeterminateComponent (/Users/shawn/dev/Resgrid/Unit/node_modules/react-test-renderer/cjs/react-test-renderer.development.js:9884:13)
    at beginWork (/Users/shawn/dev/Resgrid/Unit/node_modules/react-test-renderer/cjs/react-test-renderer.development.js:11351:16)
    at performUnitOfWork (/Users/shawn/dev/Resgrid/Unit/node_modules/react-test-renderer/cjs/react-test-renderer.development.js:15847:12)
    at workLoopSync (/Users/shawn/dev/Resgrid/Unit/node_modules/react-test-renderer/cjs/react-test-renderer.development.js:15784:5)
    at renderRootSync (/Users/shawn/dev/Resgrid/Unit/node_modules/react-test-renderer/cjs/react-test-renderer.development.js:15756:7)
    at performSyncWorkOnRoot (/Users/shawn/dev/Resgrid/Unit/node_modules/react-test-renderer/cjs/react-test-renderer.development.js:15461:20)
    at flushSyncCallbacks (/Users/shawn/dev/Resgrid/Unit/node_modules/react-test-renderer/cjs/react-test-renderer.development.js:2597:22)
    at flushActQueue (/Users/shawn/dev/Resgrid/Unit/node_modules/react/cjs/react.development.js:2667:24)
    at act (/Users/shawn/dev/Resgrid/Unit/node_modules/react/cjs/react.development.js:2521:11)
    at actImplementation (/Users/shawn/dev/Resgrid/Unit/node_modules/@testing-library/react-native/src/act.ts:30:25)
    at renderWithAct (/Users/shawn/dev/Resgrid/Unit/node_modules/@testing-library/react-native/src/render-act.ts:12:11)
    at renderInternal (/Users/shawn/dev/Resgrid/Unit/node_modules/@testing-library/react-native/src/render.tsx:81:33)
    at renderInternal (/Users/shawn/dev/Resgrid/Unit/node_modules/@testing-library/react-native/src/render.tsx:44:10)
    at Object.&lt;anonymous&gt; (/Users/shawn/dev/Resgrid/Unit/src/app/(app)/__tests__/protocols.test.tsx:381:11)
    at Generator.next (&lt;anonymous&gt;)
    at asyncGeneratorStep (/Users/shawn/dev/Resgrid/Unit/node_modules/@babel/runtime/helpers/asyncToGenerator.js:3:17)
    at _next (/Users/shawn/dev/Resgrid/Unit/node_modules/@babel/runtime/helpers/asyncToGenerator.js:17:9)
    at /Users/shawn/dev/Resgrid/Unit/node_modules/@babel/runtime/helpers/asyncToGenerator.js:22:7
    at new Promise (&lt;anonymous&gt;)
    at Object.&lt;anonymous&gt; (/Users/shawn/dev/Resgrid/Unit/node_modules/@babel/runtime/helpers/asyncToGenerator.js:14:12)
    at Promise.then.completed (/Users/shawn/dev/Resgrid/Unit/node_modules/jest-circus/build/utils.js:298:28)
    at new Promise (&lt;anonymous&gt;)
    at callAsyncCircusFn (/Users/shawn/dev/Resgrid/Unit/node_modules/jest-circus/build/utils.js:231:10)
    at _callCircusTest (/Users/shawn/dev/Resgrid/Unit/node_modules/jest-circus/build/run.js:316:40)
    at _runTest (/Users/shawn/dev/Resgrid/Unit/node_modules/jest-circus/build/run.js:252:3)
    at _runTestsForDescribeBlock (/Users/shawn/dev/Resgrid/Unit/node_modules/jest-circus/build/run.js:126:9)
    at _runTestsForDescribeBlock (/Users/shawn/dev/Resgrid/Unit/node_modules/jest-circus/build/run.js:121:9)
    at run (/Users/shawn/dev/Resgrid/Unit/node_modules/jest-circus/build/run.js:71:3)
    at runAndTransformResultsToJestFormat (/Users/shawn/dev/Resgrid/Unit/node_modules/jest-circus/build/legacy-code-todo-rewrite/jestAdapterInit.js:122:21)
    at jestAdapter (/Users/shawn/dev/Resgrid/Unit/node_modules/jest-circus/build/legacy-code-todo-rewrite/jestAdapter.js:79:19)
    at runTestInternal (/Users/shawn/dev/Resgrid/Unit/node_modules/jest-runner/build/runTest.js:367:16)
    at runTest (/Users/shawn/dev/Resgrid/Unit/node_modules/jest-runner/build/runTest.js:444:34)
    at Object.worker (/Users/shawn/dev/Resgrid/Unit/node_modules/jest-runner/build/testWorker.js:106:12)</failure>
    </testcase>
  </testsuite>
  <testsuite name="Contacts Page" errors="0" failures="9" skipped="0" timestamp="2025-07-16T04:47:01" time="2.448" tests="10">
    <testcase classname="Contacts Page should render loading state during initial fetch" name="Contacts Page should render loading state during initial fetch" time="0.309">
    </testcase>
    <testcase classname="Contacts Page should render contacts list when data is loaded" name="Contacts Page should render contacts list when data is loaded" time="0.052">
[...]
    </testcase>
    <testcase classname="LocationService API Integration should send location data to API with correct format" name="LocationService API Integration should send location data to API with correct format" time="0.001">
    </testcase>
    <testcase classname="LocationService API Integration should handle null values in location data" name="LocationService API Integration should handle null values in location data" time="0.003">
    </testcase>
    <testcase classname="LocationService API Integration should skip API call if no active unit is selected" name="LocationService API Integration should skip API call if no active unit is selected" time="0">
    </testcase>
    <testcase classname="LocationService API Integration should handle API errors gracefully" name="LocationService API Integration should handle API errors gracefully" time="0">
    </testcase>
    <testcase classname="LocationService API Integration should log successful API calls" name="LocationService API Integration should log successful API calls" time="0.012">
    </testcase>
    <testcase classname="LocationService Background Geolocation Setting Updates should enable background tracking and register task" name="LocationService Background Geolocation Setting Updates should enable background tracking and register task" time="0.001">
    </testcase>
    <testcase classname="LocationService Background Geolocation Setting Updates should disable background tracking and unregister task" name="LocationService Background Geolocation Setting Updates should disable background tracking and unregister task" time="0.001">
    </testcase>
    <testcase classname="LocationService Background Geolocation Setting Updates should start background updates if app is backgrounded when enabled" name="LocationService Background Geolocation Setting Updates should start background updates if app is backgrounded when enabled" time="0">
    </testcase>
    <testcase classname="LocationService Cleanup should stop all location updates" name="LocationService Cleanup should stop all location updates" time="0">
    </testcase>
    <testcase classname="LocationService Cleanup should cleanup app state subscription" name="LocationService Cleanup should cleanup app state subscription" time="0">
    </testcase>
    <testcase classname="LocationService Cleanup should handle cleanup when no subscription exists" name="LocationService Cleanup should handle cleanup when no subscription exists" time="0.001">
    </testcase>
    <testcase classname="LocationService Error Handling should handle location subscription errors" name="LocationService Error Handling should handle location subscription errors" time="0.004">
    </testcase>
    <testcase classname="LocationService Error Handling should handle background task registration errors" name="LocationService Error Handling should handle background task registration errors" time="0.001">
    </testcase>
  </testsuite>
  <testsuite name="PostHogService" errors="0" failures="0" skipped="0" timestamp="2025-07-16T04:47:05" time="0.056" tests="1">
    <testcase classname="PostHogService basic functionality should exist" name="PostHogService basic functionality should exist" time="0.001">
    </testcase>
  </testsuite>
  <testsuite name="useBackgroundGeolocation" errors="0" failures="0" skipped="0" timestamp="2025-07-16T04:47:05" time="0.041" tests="1">
    <testcase classname="useBackgroundGeolocation should be importable" name="useBackgroundGeolocation should be importable" time="0">
    </testcase>
  </testsuite>
  <testsuite name="FullScreenLocationPicker" errors="0" failures="0" skipped="0" timestamp="2025-07-16T04:47:05" time="0.045" tests="1">
    <testcase classname="FullScreenLocationPicker should be importable" name="FullScreenLocationPicker should be importable" time="0.001">
    </testcase>
  </testsuite>
  <testsuite name="Address Search Logic" errors="0" failures="0" skipped="0" timestamp="2025-07-16T04:47:05" time="0.061" tests="15">
    <testcase classname="Address Search Logic Input Validation should reject empty address string" name="Address Search Logic Input Validation should reject empty address string" time="0.001">
    </testcase>
    <testcase classname="Address Search Logic Input Validation should reject whitespace-only address string" name="Address Search Logic Input Validation should reject whitespace-only address string" time="0">
    </testcase>
    <testcase classname="Address Search Logic API Configuration should handle missing API key gracefully" name="Address Search Logic API Configuration should handle missing API key gracefully" time="0">
    </testcase>
    <testcase classname="Address Search Logic API Configuration should use correct API endpoint and parameters" name="Address Search Logic API Configuration should use correct API endpoint and parameters" time="0.001">
    </testcase>
    <testcase classname="Address Search Logic Geocoding Results should handle single geocoding result" name="Address Search Logic Geocoding Results should handle single geocoding result" time="0">
    </testcase>
    <testcase classname="Address Search Logic Geocoding Results should handle multiple geocoding results" name="Address Search Logic Geocoding Results should handle multiple geocoding results" time="0">
    </testcase>
    <testcase classname="Address Search Logic Geocoding Results should handle no results from geocoding API" name="Address Search Logic Geocoding Results should handle no results from geocoding API" time="0">
    </testcase>
    <testcase classname="Address Search Logic Geocoding Results should handle invalid status from geocoding API" name="Address Search Logic Geocoding Results should handle invalid status from geocoding API" time="0">
    </testcase>
    <testcase classname="Address Search Logic Error Handling should handle network errors gracefully" name="Address Search Logic Error Handling should handle network errors gracefully" time="0.001">
    </testcase>
    <testcase classname="Address Search Logic Error Handling should handle API timeout errors" name="Address Search Logic Error Handling should handle API timeout errors" time="0">
    </testcase>
    <testcase classname="Address Search Logic Error Handling should handle null config" name="Address Search Logic Error Handling should handle null config" time="0">
    </testcase>
    <testcase classname="Address Search Logic Address Encoding should properly encode special characters in addresses" name="Address Search Logic Address Encoding should properly encode special characters in addresses" time="0">
    </testcase>
    <testcase classname="Address Search Logic Address Encoding should handle addresses with unicode characters" name="Address Search Logic Address Encoding should handle addresses with unicode characters" time="0">
    </testcase>
    <testcase classname="Address Search Logic Data Structure Validation should validate geocoding result structure" name="Address Search Logic Data Structure Validation should validate geocoding result structure" time="0">
    </testcase>
    <testcase classname="Address Search Logic Integration Flow should complete entire geocoding flow successfully" name="Address Search Logic Integration Flow should complete entire geocoding flow successfully" time="0">
    </testcase>
  </testsuite>
  <testsuite name="useCallDetailMenu" errors="0" failures="0" skipped="0" timestamp="2025-07-16T04:47:04" time="0.122" tests="5">
    <testcase classname="useCallDetailMenu renders the header menu button" name="useCallDetailMenu renders the header menu button" time="0.039">
    </testcase>
    <testcase classname="useCallDetailMenu opens the action sheet when menu button is pressed" name="useCallDetailMenu opens the action sheet when menu button is pressed" time="0.005">
    </testcase>
    <testcase classname="useCallDetailMenu calls onEditCall when edit option is pressed" name="useCallDetailMenu calls onEditCall when edit option is pressed" time="0.017">
    </testcase>
    <testcase classname="useCallDetailMenu calls onCloseCall when close option is pressed" name="useCallDetailMenu calls onCloseCall when close option is pressed" time="0.003">
    </testcase>
    <testcase classname="useCallDetailMenu closes the action sheet after selecting an option" name="useCallDetailMenu closes the action sheet after selecting an option" time="0.004">
    </testcase>
  </testsuite>
  <testsuite name="Coordinates Search Logic" errors="0" failures="0" skipped="0" timestamp="2025-07-16T04:47:05" time="0.068" tests="20">
    <testcase classname="Coordinates Search Logic Input Validation should reject empty coordinates string" name="Coordinates Search Logic Input Validation should reject empty coordinates string" time="0.001">
    </testcase>
    <testcase classname="Coordinates Search Logic Input Validation should reject whitespace-only coordinates string" name="Coordinates Search Logic Input Validation should reject whitespace-only coordinates string" time="0">
    </testcase>
    <testcase classname="Coordinates Search Logic Input Validation should reject invalid coordinate format" name="Coordinates Search Logic Input Validation should reject invalid coordinate format" time="0">
    </testcase>
    <testcase classname="Coordinates Search Logic Input Validation should reject coordinates out of range" name="Coordinates Search Logic Input Validation should reject coordinates out of range" time="0.001">
    </testcase>
    <testcase classname="Coordinates Search Logic Input Validation should accept valid coordinate formats" name="Coordinates Search Logic Input Validation should accept valid coordinate formats" time="0">
    </testcase>
    <testcase classname="Coordinates Search Logic Coordinate Parsing should parse coordinates with various decimal places" name="Coordinates Search Logic Coordinate Parsing should parse coordinates with various decimal places" time="0.001">
    </testcase>
    <testcase classname="Coordinates Search Logic Coordinate Parsing should handle negative coordinates correctly" name="Coordinates Search Logic Coordinate Parsing should handle negative coordinates correctly" time="0">
    </testcase>
    <testcase classname="Coordinates Search Logic Coordinate Parsing should handle boundary coordinate values" name="Coordinates Search Logic Coordinate Parsing should handle boundary coordinate values" time="0">
    </testcase>
    <testcase classname="Coordinates Search Logic API Configuration should handle missing API key gracefully" name="Coordinates Search Logic API Configuration should handle missing API key gracefully" time="0">
    </testcase>
    <testcase classname="Coordinates Search Logic API Configuration should handle null config gracefully" name="Coordinates Search Logic API Configuration should handle null config gracefully" time="0">
    </testcase>
    <testcase classname="Coordinates Search Logic API Configuration should use correct API endpoint and parameters" name="Coordinates Search Logic API Configuration should use correct API endpoint and parameters" time="0.001">
    </testcase>
    <testcase classname="Coordinates Search Logic Reverse Geocoding Results should handle successful reverse geocoding" name="Coordinates Search Logic Reverse Geocoding Results should handle successful reverse geocoding" time="0">
    </testcase>
    <testcase classname="Coordinates Search Logic Reverse Geocoding Results should handle no results from reverse geocoding API" name="Coordinates Search Logic Reverse Geocoding Results should handle no results from reverse geocoding API" time="0">
    </testcase>
    <testcase classname="Coordinates Search Logic Reverse Geocoding Results should handle invalid status from reverse geocoding API" name="Coordinates Search Logic Reverse Geocoding Results should handle invalid status from reverse geocoding API" time="0">
    </testcase>
    <testcase classname="Coordinates Search Logic Error Handling should handle network errors gracefully" name="Coordinates Search Logic Error Handling should handle network errors gracefully" time="0">
    </testcase>
    <testcase classname="Coordinates Search Logic Error Handling should handle API timeout errors" name="Coordinates Search Logic Error Handling should handle API timeout errors" time="0">
    </testcase>
    <testcase classname="Coordinates Search Logic Error Handling should handle API rate limit errors" name="Coordinates Search Logic Error Handling should handle API rate limit errors" time="0.001">
    </testcase>
    <testcase classname="Coordinates Search Logic Edge Cases should handle coordinates with extreme precision" name="Coordinates Search Logic Edge Cases should handle coordinates with extreme precision" time="0.001">
    </testcase>
    <testcase classname="Coordinates Search Logic Edge Cases should handle coordinates with no decimal places" name="Coordinates Search Logic Edge Cases should handle coordinates with no decimal places" time="0">
    </testcase>
    <testcase classname="Coordinates Search Logic Edge Cases should handle coordinates with mixed spacing" name="Coordinates Search Logic Edge Cases should handle coordinates with mixed spacing" time="0.001">
    </testcase>
  </testsuite>
  <testsuite name="SidebarStatusCard" errors="0" failures="0" skipped="0" timestamp="2025-07-16T04:47:04" time="0.349" tests="21">
    <testcase classname="SidebarStatusCard should render with unknown status when activeUnitStatus is null" name="SidebarStatusCard should render with unknown status when activeUnitStatus is null" time="0.072">
    </testcase>
    <testcase classname="SidebarStatusCard should render with unknown status when activeUnitStatus is undefined" name="SidebarStatusCard should render with unknown status when activeUnitStatus is undefined" time="0.026">
    </testcase>
    <testcase classname="SidebarStatusCard should render the correct status text" name="SidebarStatusCard should render the correct status text" time="0.01">
    </testcase>
    <testcase classname="SidebarStatusCard should render status with empty string when State is missing" name="SidebarStatusCard should render status with empty string when State is missing" time="0.01">
    </testcase>
    <testcase classname="SidebarStatusCard Color mapping should apply correct color for danger status" name="SidebarStatusCard Color mapping should apply correct color for danger status" time="0.006">
    </testcase>
    <testcase classname="SidebarStatusCard Color mapping should apply correct color for info status" name="SidebarStatusCard Color mapping should apply correct color for info status" time="0.004">
    </testcase>
    <testcase classname="SidebarStatusCard Color mapping should apply correct color for warning status" name="SidebarStatusCard Color mapping should apply correct color for warning status" time="0.002">
    </testcase>
    <testcase classname="SidebarStatusCard Color mapping should apply correct color for success status" name="SidebarStatusCard Color mapping should apply correct color for success status" time="0.002">
    </testcase>
    <testcase classname="SidebarStatusCard Color mapping should apply correct color for onscene status" name="SidebarStatusCard Color mapping should apply correct color for onscene status" time="0.002">
    </testcase>
    <testcase classname="SidebarStatusCard Color mapping should apply correct color for primary status" name="SidebarStatusCard Color mapping should apply correct color for primary status" time="0.002">
    </testcase>
    <testcase classname="SidebarStatusCard Color mapping should apply correct color for returning status" name="SidebarStatusCard Color mapping should apply correct color for returning status" time="0.006">
    </testcase>
    <testcase classname="SidebarStatusCard Color mapping should apply correct color for default status" name="SidebarStatusCard Color mapping should apply correct color for default status" time="0.002">
    </testcase>
    <testcase classname="SidebarStatusCard Color mapping should apply correct color for enroute status" name="SidebarStatusCard Color mapping should apply correct color for enroute status" time="0.002">
    </testcase>
    <testcase classname="SidebarStatusCard Color mapping should handle unknown status styles by keeping original value" name="SidebarStatusCard Color mapping should handle unknown status styles by keeping original value" time="0.004">
    </testcase>
    <testcase classname="SidebarStatusCard Color mapping should handle empty StateStyle by using empty string" name="SidebarStatusCard Color mapping should handle empty StateStyle by using empty string" time="0.016">
    </testcase>
    <testcase classname="SidebarStatusCard Status updates should re-render when activeUnitStatus changes" name="SidebarStatusCard Status updates should re-render when activeUnitStatus changes" time="0.009">
    </testcase>
    <testcase classname="SidebarStatusCard Status updates should handle transition from null to valid status" name="SidebarStatusCard Status updates should handle transition from null to valid status" time="0.002">
    </testcase>
    <testcase classname="SidebarStatusCard Status updates should handle transition from valid status to null" name="SidebarStatusCard Status updates should handle transition from valid status to null" time="0.001">
    </testcase>
    <testcase classname="SidebarStatusCard Edge cases should handle status with special characters" name="SidebarStatusCard Edge cases should handle status with special characters" time="0.001">
    </testcase>
    <testcase classname="SidebarStatusCard Edge cases should handle very long status text" name="SidebarStatusCard Edge cases should handle very long status text" time="0">
    </testcase>
    <testcase classname="SidebarStatusCard Edge cases should handle null StateStyle gracefully" name="SidebarStatusCard Edge cases should handle null StateStyle gracefully" time="0">
    </testcase>
  </testsuite>
  <testsuite name="PostHogProviderWrapper" errors="0" failures="0" skipped="0" timestamp="2025-07-16T04:47:04" time="0.102" tests="4">
    <testcase classname="PostHogProviderWrapper renders children correctly" name="PostHogProviderWrapper renders children correctly" time="0.019">
    </testcase>
    <testcase classname="PostHogProviderWrapper renders with navigation ref" name="PostHogProviderWrapper renders with navigation ref" time="0.001">
    </testcase>
    <testcase classname="PostHogProviderWrapper renders with different configuration" name="PostHogProviderWrapper renders with different configuration" time="0">
    </testcase>
    <testcase classname="PostHogProviderWrapper handles component unmounting" name="PostHogProviderWrapper handles component unmounting" time="0.001">
    </testcase>
  </testsuite>
  <testsuite name="AudioService" errors="0" failures="0" skipped="0" timestamp="2025-07-16T04:47:05" time="0.025" tests="3">
    <testcase classname="AudioService should play connection sound" name="AudioService should play connection sound" time="0.001">
    </testcase>
    <testcase classname="AudioService should play disconnection sound" name="AudioService should play disconnection sound" time="0">
    </testcase>
    <testcase classname="AudioService should handle cleanup without errors" name="AudioService should handle cleanup without errors" time="0">
    </testcase>
  </testsuite>
  <testsuite name="App Initialization Logic" errors="0" failures="0" skipped="0" timestamp="2025-07-16T04:47:04" time="0.103" tests="1">
    <testcase classname="App Initialization Logic Initialization Conditions should check initialization conditions correctly" name="App Initialization Logic Initialization Conditions should check initialization conditions correctly" time="0.001">
    </testcase>
  </testsuite>
</testsuites>